2023-09-07 21:41:58,092 [234390:__main__:129:read_xml:INFO] Working on /home/uventus/PycharmProjects/Parser/Nokia/pm/etlexpmx_MRBTS_20230621004724_1140113.xml...
2023-09-07 21:41:58,110 [234390:__main__:133:read_xml:INFO] start context
2023-09-07 21:41:58,118 [234390:__main__:164:add_data_to_csv:INFO] Added row 7 records to csv
2023-09-07 21:41:58,119 [234390:__main__:164:add_data_to_csv:INFO] Added row 33 records to csv
2023-09-07 21:41:58,119 [234390:__main__:164:add_data_to_csv:INFO] Added row 11 records to csv
2023-09-07 21:41:58,119 [234390:__main__:164:add_data_to_csv:INFO] Added row 6 records to csv
2023-09-07 21:41:58,119 [234390:__main__:164:add_data_to_csv:INFO] Added row 8 records to csv
2023-09-07 21:41:58,119 [234390:__main__:164:add_data_to_csv:INFO] Added row 6 records to csv
2023-09-07 21:41:58,120 [234390:__main__:164:add_data_to_csv:INFO] Added row 10 records to csv
2023-09-07 21:41:58,120 [234390:__main__:164:add_data_to_csv:INFO] Added row 11 records to csv
2023-09-07 21:41:58,120 [234390:__main__:164:add_data_to_csv:INFO] Added row 11 records to csv
2023-09-07 21:41:58,120 [234390:__main__:164:add_data_to_csv:INFO] Added row 11 records to csv
2023-09-07 21:41:58,120 [234390:__main__:164:add_data_to_csv:INFO] Added row 11 records to csv
2023-09-07 21:41:58,120 [234390:__main__:164:add_data_to_csv:INFO] Added row 11 records to csv
2023-09-07 21:41:58,120 [234390:__main__:164:add_data_to_csv:INFO] Added row 11 records to csv
2023-09-07 21:41:58,120 [234390:__main__:164:add_data_to_csv:INFO] Added row 11 records to csv
2023-09-07 21:41:58,120 [234390:__main__:164:add_data_to_csv:INFO] Added row 11 records to csv
2023-09-07 21:41:58,120 [234390:__main__:164:add_data_to_csv:INFO] Added row 11 records to csv
2023-09-07 21:41:58,121 [234390:__main__:164:add_data_to_csv:INFO] Added row 11 records to csv
2023-09-07 21:41:58,121 [234390:__main__:164:add_data_to_csv:INFO] Added row 11 records to csv
2023-09-07 21:41:58,121 [234390:__main__:164:add_data_to_csv:INFO] Added row 11 records to csv
2023-09-07 21:41:58,121 [234390:__main__:164:add_data_to_csv:INFO] Added row 11 records to csv
2023-09-07 21:41:58,121 [234390:__main__:164:add_data_to_csv:INFO] Added row 11 records to csv
2023-09-07 21:41:58,121 [234390:__main__:164:add_data_to_csv:INFO] Added row 11 records to csv
2023-09-07 21:41:58,121 [234390:__main__:164:add_data_to_csv:INFO] Added row 11 records to csv
2023-09-07 21:41:58,121 [234390:__main__:164:add_data_to_csv:INFO] Added row 9 records to csv
2023-09-07 21:41:58,121 [234390:__main__:164:add_data_to_csv:INFO] Added row 13 records to csv
2023-09-07 21:41:58,121 [234390:__main__:164:add_data_to_csv:INFO] Added row 10 records to csv
2023-09-07 21:41:58,121 [234390:__main__:164:add_data_to_csv:INFO] Added row 11 records to csv
2023-09-07 21:41:58,122 [234390:__main__:164:add_data_to_csv:INFO] Added row 11 records to csv
2023-09-07 21:41:58,122 [234390:__main__:164:add_data_to_csv:INFO] Added row 11 records to csv
2023-09-07 21:41:58,122 [234390:__main__:164:add_data_to_csv:INFO] Added row 13 records to csv
2023-09-07 21:41:58,122 [234390:__main__:164:add_data_to_csv:INFO] Added row 10 records to csv
2023-09-07 21:41:58,122 [234390:__main__:164:add_data_to_csv:INFO] Added row 15 records to csv
2023-09-07 21:41:58,122 [234390:__main__:164:add_data_to_csv:INFO] Added row 7 records to csv
2023-09-07 21:41:58,122 [234390:__main__:164:add_data_to_csv:INFO] Added row 8 records to csv
2023-09-07 21:41:58,122 [234390:__main__:164:add_data_to_csv:INFO] Added row 8 records to csv
2023-09-07 21:41:58,123 [234390:__main__:164:add_data_to_csv:INFO] Added row 17 records to csv
2023-09-07 21:41:58,123 [234390:__main__:164:add_data_to_csv:INFO] Added row 19 records to csv
2023-09-07 21:41:58,123 [234390:__main__:164:add_data_to_csv:INFO] Added row 20 records to csv
2023-09-07 21:41:58,123 [234390:__main__:164:add_data_to_csv:INFO] Added row 17 records to csv
2023-09-07 21:41:58,123 [234390:__main__:164:add_data_to_csv:INFO] Added row 17 records to csv
2023-09-07 21:41:58,123 [234390:__main__:164:add_data_to_csv:INFO] Added row 20 records to csv
2023-09-07 21:41:58,123 [234390:__main__:164:add_data_to_csv:INFO] Added row 20 records to csv
2023-09-07 21:41:58,123 [234390:__main__:164:add_data_to_csv:INFO] Added row 10 records to csv
2023-09-07 21:41:58,124 [234390:__main__:164:add_data_to_csv:INFO] Added row 19 records to csv
2023-09-07 21:41:58,124 [234390:__main__:164:add_data_to_csv:INFO] Added row 20 records to csv
2023-09-07 21:41:58,124 [234390:__main__:164:add_data_to_csv:INFO] Added row 17 records to csv
2023-09-07 21:41:58,124 [234390:__main__:164:add_data_to_csv:INFO] Added row 17 records to csv
2023-09-07 21:41:58,124 [234390:__main__:164:add_data_to_csv:INFO] Added row 20 records to csv
2023-09-07 21:41:58,124 [234390:__main__:164:add_data_to_csv:INFO] Added row 20 records to csv
2023-09-07 21:41:58,124 [234390:__main__:164:add_data_to_csv:INFO] Added row 10 records to csv
2023-09-07 21:41:58,124 [234390:__main__:164:add_data_to_csv:INFO] Added row 19 records to csv
2023-09-07 21:41:58,124 [234390:__main__:164:add_data_to_csv:INFO] Added row 20 records to csv
2023-09-07 21:41:58,124 [234390:__main__:164:add_data_to_csv:INFO] Added row 17 records to csv
2023-09-07 21:41:58,124 [234390:__main__:164:add_data_to_csv:INFO] Added row 17 records to csv
2023-09-07 21:41:58,124 [234390:__main__:164:add_data_to_csv:INFO] Added row 20 records to csv
2023-09-07 21:41:58,125 [234390:__main__:164:add_data_to_csv:INFO] Added row 20 records to csv
2023-09-07 21:41:58,125 [234390:__main__:164:add_data_to_csv:INFO] Added row 10 records to csv
2023-09-07 21:41:58,125 [234390:__main__:164:add_data_to_csv:INFO] Added row 10 records to csv
2023-09-07 21:41:58,125 [234390:__main__:164:add_data_to_csv:INFO] Added row 52 records to csv
2023-09-07 21:41:58,125 [234390:__main__:164:add_data_to_csv:INFO] Added row 52 records to csv
2023-09-07 21:41:58,125 [234390:__main__:164:add_data_to_csv:INFO] Added row 52 records to csv
2023-09-07 21:41:58,126 [234390:__main__:164:add_data_to_csv:INFO] Added row 10 records to csv
2023-09-07 21:41:58,126 [234390:__main__:164:add_data_to_csv:INFO] Added row 6 records to csv
2023-09-07 21:41:58,126 [234390:__main__:164:add_data_to_csv:INFO] Added row 10 records to csv
2023-09-07 21:41:58,126 [234390:__main__:164:add_data_to_csv:INFO] Added row 6 records to csv
2023-09-07 21:41:58,126 [234390:__main__:164:add_data_to_csv:INFO] Added row 5 records to csv
2023-09-07 21:41:58,126 [234390:__main__:164:add_data_to_csv:INFO] Added row 6 records to csv
2023-09-07 21:41:58,126 [234390:__main__:164:add_data_to_csv:INFO] Added row 6 records to csv
2023-09-07 21:41:58,126 [234390:__main__:164:add_data_to_csv:INFO] Added row 9 records to csv
2023-09-07 21:41:58,126 [234390:__main__:164:add_data_to_csv:INFO] Added row 20 records to csv
2023-09-07 21:41:58,127 [234390:__main__:164:add_data_to_csv:INFO] Added row 359 records to csv
2023-09-07 21:41:58,127 [234390:__main__:164:add_data_to_csv:INFO] Added row 257 records to csv
2023-09-07 21:41:58,127 [234390:__main__:164:add_data_to_csv:INFO] Added row 227 records to csv
2023-09-07 21:41:58,128 [234390:__main__:164:add_data_to_csv:INFO] Added row 30 records to csv
2023-09-07 21:41:58,128 [234390:__main__:164:add_data_to_csv:INFO] Added row 57 records to csv
2023-09-07 21:41:58,128 [234390:__main__:164:add_data_to_csv:INFO] Added row 22 records to csv
2023-09-07 21:41:58,128 [234390:__main__:164:add_data_to_csv:INFO] Added row 132 records to csv
2023-09-07 21:41:58,128 [234390:__main__:164:add_data_to_csv:INFO] Added row 244 records to csv
2023-09-07 21:41:58,129 [234390:__main__:164:add_data_to_csv:INFO] Added row 274 records to csv
2023-09-07 21:41:58,129 [234390:__main__:164:add_data_to_csv:INFO] Added row 125 records to csv
2023-09-07 21:41:58,129 [234390:__main__:164:add_data_to_csv:INFO] Added row 51 records to csv
2023-09-07 21:41:58,129 [234390:__main__:164:add_data_to_csv:INFO] Added row 68 records to csv
2023-09-07 21:41:58,129 [234390:__main__:164:add_data_to_csv:INFO] Added row 17 records to csv
2023-09-07 21:41:58,129 [234390:__main__:164:add_data_to_csv:INFO] Added row 55 records to csv
2023-09-07 21:41:58,130 [234390:__main__:164:add_data_to_csv:INFO] Added row 74 records to csv
2023-09-07 21:41:58,130 [234390:__main__:164:add_data_to_csv:INFO] Added row 103 records to csv
2023-09-07 21:41:58,130 [234390:__main__:164:add_data_to_csv:INFO] Added row 14 records to csv
2023-09-07 21:41:58,130 [234390:__main__:164:add_data_to_csv:INFO] Added row 224 records to csv
2023-09-07 21:41:58,130 [234390:__main__:164:add_data_to_csv:INFO] Added row 28 records to csv
2023-09-07 21:41:58,130 [234390:__main__:164:add_data_to_csv:INFO] Added row 13 records to csv
2023-09-07 21:41:58,131 [234390:__main__:164:add_data_to_csv:INFO] Added row 18 records to csv
2023-09-07 21:41:58,131 [234390:__main__:164:add_data_to_csv:INFO] Added row 199 records to csv
2023-09-07 21:41:58,131 [234390:__main__:164:add_data_to_csv:INFO] Added row 32 records to csv
2023-09-07 21:41:58,131 [234390:__main__:164:add_data_to_csv:INFO] Added row 7 records to csv
2023-09-07 21:41:58,131 [234390:__main__:164:add_data_to_csv:INFO] Added row 26 records to csv
2023-09-07 21:41:58,131 [234390:__main__:164:add_data_to_csv:INFO] Added row 145 records to csv
2023-09-07 21:41:58,132 [234390:__main__:164:add_data_to_csv:INFO] Added row 236 records to csv
2023-09-07 21:41:58,132 [234390:__main__:164:add_data_to_csv:INFO] Added row 149 records to csv
2023-09-07 21:41:58,132 [234390:__main__:164:add_data_to_csv:INFO] Added row 75 records to csv
2023-09-07 21:41:58,132 [234390:__main__:164:add_data_to_csv:INFO] Added row 45 records to csv
2023-09-07 21:41:58,132 [234390:__main__:164:add_data_to_csv:INFO] Added row 48 records to csv
2023-09-07 21:41:58,133 [234390:__main__:164:add_data_to_csv:INFO] Added row 76 records to csv
2023-09-07 21:41:58,133 [234390:__main__:164:add_data_to_csv:INFO] Added row 14 records to csv
2023-09-07 21:41:58,133 [234390:__main__:164:add_data_to_csv:INFO] Added row 14 records to csv
2023-09-07 21:41:58,133 [234390:__main__:164:add_data_to_csv:INFO] Added row 14 records to csv
2023-09-07 21:41:58,133 [234390:__main__:164:add_data_to_csv:INFO] Added row 14 records to csv
2023-09-07 21:41:58,133 [234390:__main__:164:add_data_to_csv:INFO] Added row 14 records to csv
2023-09-07 21:41:58,133 [234390:__main__:164:add_data_to_csv:INFO] Added row 14 records to csv
2023-09-07 21:41:58,133 [234390:__main__:164:add_data_to_csv:INFO] Added row 14 records to csv
2023-09-07 21:41:58,133 [234390:__main__:164:add_data_to_csv:INFO] Added row 14 records to csv
2023-09-07 21:41:58,133 [234390:__main__:164:add_data_to_csv:INFO] Added row 14 records to csv
2023-09-07 21:41:58,133 [234390:__main__:164:add_data_to_csv:INFO] Added row 14 records to csv
2023-09-07 21:41:58,134 [234390:__main__:164:add_data_to_csv:INFO] Added row 25 records to csv
2023-09-07 21:41:58,134 [234390:__main__:164:add_data_to_csv:INFO] Added row 25 records to csv
2023-09-07 21:41:58,134 [234390:__main__:164:add_data_to_csv:INFO] Added row 25 records to csv
2023-09-07 21:41:58,134 [234390:__main__:164:add_data_to_csv:INFO] Added row 25 records to csv
2023-09-07 21:41:58,134 [234390:__main__:164:add_data_to_csv:INFO] Added row 25 records to csv
2023-09-07 21:41:58,134 [234390:__main__:164:add_data_to_csv:INFO] Added row 25 records to csv
2023-09-07 21:41:58,134 [234390:__main__:164:add_data_to_csv:INFO] Added row 25 records to csv
2023-09-07 21:41:58,134 [234390:__main__:164:add_data_to_csv:INFO] Added row 25 records to csv
2023-09-07 21:41:58,134 [234390:__main__:164:add_data_to_csv:INFO] Added row 25 records to csv
2023-09-07 21:41:58,134 [234390:__main__:164:add_data_to_csv:INFO] Added row 25 records to csv
2023-09-07 21:41:58,135 [234390:__main__:164:add_data_to_csv:INFO] Added row 25 records to csv
2023-09-07 21:41:58,135 [234390:__main__:164:add_data_to_csv:INFO] Added row 25 records to csv
2023-09-07 21:41:58,135 [234390:__main__:164:add_data_to_csv:INFO] Added row 25 records to csv
2023-09-07 21:41:58,135 [234390:__main__:164:add_data_to_csv:INFO] Added row 25 records to csv
2023-09-07 21:41:58,135 [234390:__main__:164:add_data_to_csv:INFO] Added row 25 records to csv
2023-09-07 21:41:58,135 [234390:__main__:164:add_data_to_csv:INFO] Added row 25 records to csv
2023-09-07 21:41:58,135 [234390:__main__:164:add_data_to_csv:INFO] Added row 25 records to csv
2023-09-07 21:41:58,135 [234390:__main__:164:add_data_to_csv:INFO] Added row 25 records to csv
2023-09-07 21:41:58,135 [234390:__main__:164:add_data_to_csv:INFO] Added row 25 records to csv
2023-09-07 21:41:58,135 [234390:__main__:164:add_data_to_csv:INFO] Added row 25 records to csv
2023-09-07 21:41:58,136 [234390:__main__:164:add_data_to_csv:INFO] Added row 25 records to csv
2023-09-07 21:41:58,136 [234390:__main__:164:add_data_to_csv:INFO] Added row 25 records to csv
2023-09-07 21:41:58,136 [234390:__main__:164:add_data_to_csv:INFO] Added row 25 records to csv
2023-09-07 21:41:58,136 [234390:__main__:164:add_data_to_csv:INFO] Added row 25 records to csv
2023-09-07 21:41:58,136 [234390:__main__:164:add_data_to_csv:INFO] Added row 25 records to csv
2023-09-07 21:41:58,136 [234390:__main__:164:add_data_to_csv:INFO] Added row 25 records to csv
2023-09-07 21:41:58,136 [234390:__main__:164:add_data_to_csv:INFO] Added row 25 records to csv
2023-09-07 21:41:58,136 [234390:__main__:164:add_data_to_csv:INFO] Added row 25 records to csv
2023-09-07 21:41:58,136 [234390:__main__:164:add_data_to_csv:INFO] Added row 25 records to csv
2023-09-07 21:41:58,136 [234390:__main__:164:add_data_to_csv:INFO] Added row 25 records to csv
2023-09-07 21:41:58,136 [234390:__main__:164:add_data_to_csv:INFO] Added row 25 records to csv
2023-09-07 21:41:58,137 [234390:__main__:164:add_data_to_csv:INFO] Added row 25 records to csv
2023-09-07 21:41:58,137 [234390:__main__:164:add_data_to_csv:INFO] Added row 25 records to csv
2023-09-07 21:41:58,137 [234390:__main__:164:add_data_to_csv:INFO] Added row 25 records to csv
2023-09-07 21:41:58,137 [234390:__main__:164:add_data_to_csv:INFO] Added row 25 records to csv
2023-09-07 21:41:58,137 [234390:__main__:164:add_data_to_csv:INFO] Added row 25 records to csv
2023-09-07 21:41:58,137 [234390:__main__:164:add_data_to_csv:INFO] Added row 10 records to csv
2023-09-07 21:41:58,137 [234390:__main__:164:add_data_to_csv:INFO] Added row 10 records to csv
2023-09-07 21:41:58,138 [234390:__main__:164:add_data_to_csv:INFO] Added row 10 records to csv
2023-09-07 21:41:58,138 [234390:__main__:164:add_data_to_csv:INFO] Added row 10 records to csv
2023-09-07 21:41:58,138 [234390:__main__:164:add_data_to_csv:INFO] Added row 6 records to csv
2023-09-07 21:41:58,138 [234390:__main__:164:add_data_to_csv:INFO] Added row 6 records to csv
2023-09-07 21:41:58,138 [234390:__main__:164:add_data_to_csv:INFO] Added row 6 records to csv
2023-09-07 21:41:58,138 [234390:__main__:164:add_data_to_csv:INFO] Added row 6 records to csv
2023-09-07 21:41:58,138 [234390:__main__:164:add_data_to_csv:INFO] Added row 6 records to csv
2023-09-07 21:41:58,139 [234390:__main__:164:add_data_to_csv:INFO] Added row 359 records to csv
2023-09-07 21:41:58,139 [234390:__main__:164:add_data_to_csv:INFO] Added row 257 records to csv
2023-09-07 21:41:58,139 [234390:__main__:164:add_data_to_csv:INFO] Added row 227 records to csv
2023-09-07 21:41:58,139 [234390:__main__:164:add_data_to_csv:INFO] Added row 30 records to csv
2023-09-07 21:41:58,139 [234390:__main__:164:add_data_to_csv:INFO] Added row 57 records to csv
2023-09-07 21:41:58,140 [234390:__main__:164:add_data_to_csv:INFO] Added row 22 records to csv
2023-09-07 21:41:58,140 [234390:__main__:164:add_data_to_csv:INFO] Added row 132 records to csv
2023-09-07 21:41:58,140 [234390:__main__:164:add_data_to_csv:INFO] Added row 244 records to csv
2023-09-07 21:41:58,140 [234390:__main__:164:add_data_to_csv:INFO] Added row 274 records to csv
2023-09-07 21:41:58,140 [234390:__main__:164:add_data_to_csv:INFO] Added row 125 records to csv
2023-09-07 21:41:58,140 [234390:__main__:164:add_data_to_csv:INFO] Added row 51 records to csv
2023-09-07 21:41:58,140 [234390:__main__:164:add_data_to_csv:INFO] Added row 68 records to csv
2023-09-07 21:41:58,141 [234390:__main__:164:add_data_to_csv:INFO] Added row 17 records to csv
2023-09-07 21:41:58,141 [234390:__main__:164:add_data_to_csv:INFO] Added row 55 records to csv
2023-09-07 21:41:58,141 [234390:__main__:164:add_data_to_csv:INFO] Added row 74 records to csv
2023-09-07 21:41:58,141 [234390:__main__:164:add_data_to_csv:INFO] Added row 103 records to csv
2023-09-07 21:41:58,141 [234390:__main__:164:add_data_to_csv:INFO] Added row 14 records to csv
2023-09-07 21:41:58,141 [234390:__main__:164:add_data_to_csv:INFO] Added row 224 records to csv
2023-09-07 21:41:58,141 [234390:__main__:164:add_data_to_csv:INFO] Added row 28 records to csv
2023-09-07 21:41:58,141 [234390:__main__:164:add_data_to_csv:INFO] Added row 13 records to csv
2023-09-07 21:41:58,141 [234390:__main__:164:add_data_to_csv:INFO] Added row 18 records to csv
2023-09-07 21:41:58,142 [234390:__main__:164:add_data_to_csv:INFO] Added row 199 records to csv
2023-09-07 21:41:58,142 [234390:__main__:164:add_data_to_csv:INFO] Added row 32 records to csv
2023-09-07 21:41:58,142 [234390:__main__:164:add_data_to_csv:INFO] Added row 7 records to csv
2023-09-07 21:41:58,142 [234390:__main__:164:add_data_to_csv:INFO] Added row 26 records to csv
2023-09-07 21:41:58,142 [234390:__main__:164:add_data_to_csv:INFO] Added row 145 records to csv
2023-09-07 21:41:58,142 [234390:__main__:164:add_data_to_csv:INFO] Added row 236 records to csv
2023-09-07 21:41:58,142 [234390:__main__:164:add_data_to_csv:INFO] Added row 149 records to csv
2023-09-07 21:41:58,142 [234390:__main__:164:add_data_to_csv:INFO] Added row 75 records to csv
2023-09-07 21:41:58,142 [234390:__main__:164:add_data_to_csv:INFO] Added row 45 records to csv
2023-09-07 21:41:58,143 [234390:__main__:164:add_data_to_csv:INFO] Added row 48 records to csv
2023-09-07 21:41:58,143 [234390:__main__:164:add_data_to_csv:INFO] Added row 76 records to csv
2023-09-07 21:41:58,143 [234390:__main__:164:add_data_to_csv:INFO] Added row 14 records to csv
2023-09-07 21:41:58,143 [234390:__main__:164:add_data_to_csv:INFO] Added row 14 records to csv
2023-09-07 21:41:58,143 [234390:__main__:164:add_data_to_csv:INFO] Added row 14 records to csv
2023-09-07 21:41:58,143 [234390:__main__:164:add_data_to_csv:INFO] Added row 14 records to csv
2023-09-07 21:41:58,143 [234390:__main__:164:add_data_to_csv:INFO] Added row 14 records to csv
2023-09-07 21:41:58,143 [234390:__main__:164:add_data_to_csv:INFO] Added row 14 records to csv
2023-09-07 21:41:58,143 [234390:__main__:164:add_data_to_csv:INFO] Added row 14 records to csv
2023-09-07 21:41:58,143 [234390:__main__:164:add_data_to_csv:INFO] Added row 14 records to csv
2023-09-07 21:41:58,143 [234390:__main__:164:add_data_to_csv:INFO] Added row 14 records to csv
2023-09-07 21:41:58,143 [234390:__main__:164:add_data_to_csv:INFO] Added row 14 records to csv
2023-09-07 21:41:58,144 [234390:__main__:164:add_data_to_csv:INFO] Added row 14 records to csv
2023-09-07 21:41:58,144 [234390:__main__:164:add_data_to_csv:INFO] Added row 14 records to csv
2023-09-07 21:41:58,144 [234390:__main__:164:add_data_to_csv:INFO] Added row 14 records to csv
2023-09-07 21:41:58,144 [234390:__main__:164:add_data_to_csv:INFO] Added row 25 records to csv
2023-09-07 21:41:58,144 [234390:__main__:164:add_data_to_csv:INFO] Added row 25 records to csv
2023-09-07 21:41:58,144 [234390:__main__:164:add_data_to_csv:INFO] Added row 25 records to csv
2023-09-07 21:41:58,144 [234390:__main__:164:add_data_to_csv:INFO] Added row 25 records to csv
2023-09-07 21:41:58,144 [234390:__main__:164:add_data_to_csv:INFO] Added row 25 records to csv
2023-09-07 21:41:58,144 [234390:__main__:164:add_data_to_csv:INFO] Added row 25 records to csv
2023-09-07 21:41:58,144 [234390:__main__:164:add_data_to_csv:INFO] Added row 25 records to csv
2023-09-07 21:41:58,144 [234390:__main__:164:add_data_to_csv:INFO] Added row 25 records to csv
2023-09-07 21:41:58,144 [234390:__main__:164:add_data_to_csv:INFO] Added row 25 records to csv
2023-09-07 21:41:58,144 [234390:__main__:164:add_data_to_csv:INFO] Added row 25 records to csv
2023-09-07 21:41:58,145 [234390:__main__:164:add_data_to_csv:INFO] Added row 25 records to csv
2023-09-07 21:41:58,145 [234390:__main__:164:add_data_to_csv:INFO] Added row 25 records to csv
2023-09-07 21:41:58,145 [234390:__main__:164:add_data_to_csv:INFO] Added row 25 records to csv
2023-09-07 21:41:58,145 [234390:__main__:164:add_data_to_csv:INFO] Added row 25 records to csv
2023-09-07 21:41:58,145 [234390:__main__:164:add_data_to_csv:INFO] Added row 25 records to csv
2023-09-07 21:41:58,145 [234390:__main__:164:add_data_to_csv:INFO] Added row 25 records to csv
2023-09-07 21:41:58,145 [234390:__main__:164:add_data_to_csv:INFO] Added row 25 records to csv
2023-09-07 21:41:58,145 [234390:__main__:164:add_data_to_csv:INFO] Added row 25 records to csv
2023-09-07 21:41:58,145 [234390:__main__:164:add_data_to_csv:INFO] Added row 25 records to csv
2023-09-07 21:41:58,145 [234390:__main__:164:add_data_to_csv:INFO] Added row 25 records to csv
2023-09-07 21:41:58,145 [234390:__main__:164:add_data_to_csv:INFO] Added row 25 records to csv
2023-09-07 21:41:58,146 [234390:__main__:164:add_data_to_csv:INFO] Added row 25 records to csv
2023-09-07 21:41:58,146 [234390:__main__:164:add_data_to_csv:INFO] Added row 25 records to csv
2023-09-07 21:41:58,146 [234390:__main__:164:add_data_to_csv:INFO] Added row 25 records to csv
2023-09-07 21:41:58,146 [234390:__main__:164:add_data_to_csv:INFO] Added row 25 records to csv
2023-09-07 21:41:58,146 [234390:__main__:164:add_data_to_csv:INFO] Added row 25 records to csv
2023-09-07 21:41:58,146 [234390:__main__:164:add_data_to_csv:INFO] Added row 25 records to csv
2023-09-07 21:41:58,146 [234390:__main__:164:add_data_to_csv:INFO] Added row 25 records to csv
2023-09-07 21:41:58,146 [234390:__main__:164:add_data_to_csv:INFO] Added row 25 records to csv
2023-09-07 21:41:58,146 [234390:__main__:164:add_data_to_csv:INFO] Added row 25 records to csv
2023-09-07 21:41:58,146 [234390:__main__:164:add_data_to_csv:INFO] Added row 25 records to csv
2023-09-07 21:41:58,146 [234390:__main__:164:add_data_to_csv:INFO] Added row 25 records to csv
2023-09-07 21:41:58,146 [234390:__main__:164:add_data_to_csv:INFO] Added row 25 records to csv
2023-09-07 21:41:58,147 [234390:__main__:164:add_data_to_csv:INFO] Added row 25 records to csv
2023-09-07 21:41:58,147 [234390:__main__:164:add_data_to_csv:INFO] Added row 25 records to csv
2023-09-07 21:41:58,147 [234390:__main__:164:add_data_to_csv:INFO] Added row 25 records to csv
2023-09-07 21:41:58,147 [234390:__main__:164:add_data_to_csv:INFO] Added row 25 records to csv
2023-09-07 21:41:58,147 [234390:__main__:164:add_data_to_csv:INFO] Added row 25 records to csv
2023-09-07 21:41:58,147 [234390:__main__:164:add_data_to_csv:INFO] Added row 25 records to csv
2023-09-07 21:41:58,147 [234390:__main__:164:add_data_to_csv:INFO] Added row 25 records to csv
2023-09-07 21:41:58,147 [234390:__main__:164:add_data_to_csv:INFO] Added row 25 records to csv
2023-09-07 21:41:58,147 [234390:__main__:164:add_data_to_csv:INFO] Added row 25 records to csv
2023-09-07 21:41:58,147 [234390:__main__:164:add_data_to_csv:INFO] Added row 25 records to csv
2023-09-07 21:41:58,147 [234390:__main__:164:add_data_to_csv:INFO] Added row 25 records to csv
2023-09-07 21:41:58,147 [234390:__main__:164:add_data_to_csv:INFO] Added row 25 records to csv
2023-09-07 21:41:58,148 [234390:__main__:164:add_data_to_csv:INFO] Added row 25 records to csv
2023-09-07 21:41:58,148 [234390:__main__:164:add_data_to_csv:INFO] Added row 25 records to csv
2023-09-07 21:41:58,148 [234390:__main__:164:add_data_to_csv:INFO] Added row 25 records to csv
2023-09-07 21:41:58,148 [234390:__main__:164:add_data_to_csv:INFO] Added row 25 records to csv
2023-09-07 21:41:58,148 [234390:__main__:164:add_data_to_csv:INFO] Added row 25 records to csv
2023-09-07 21:41:58,148 [234390:__main__:164:add_data_to_csv:INFO] Added row 25 records to csv
2023-09-07 21:41:58,148 [234390:__main__:164:add_data_to_csv:INFO] Added row 25 records to csv
2023-09-07 21:41:58,148 [234390:__main__:164:add_data_to_csv:INFO] Added row 25 records to csv
2023-09-07 21:41:58,148 [234390:__main__:164:add_data_to_csv:INFO] Added row 25 records to csv
2023-09-07 21:41:58,148 [234390:__main__:164:add_data_to_csv:INFO] Added row 10 records to csv
2023-09-07 21:41:58,148 [234390:__main__:164:add_data_to_csv:INFO] Added row 10 records to csv
2023-09-07 21:41:58,149 [234390:__main__:164:add_data_to_csv:INFO] Added row 10 records to csv
2023-09-07 21:41:58,149 [234390:__main__:164:add_data_to_csv:INFO] Added row 10 records to csv
2023-09-07 21:41:58,149 [234390:__main__:164:add_data_to_csv:INFO] Added row 6 records to csv
2023-09-07 21:41:58,149 [234390:__main__:164:add_data_to_csv:INFO] Added row 6 records to csv
2023-09-07 21:41:58,149 [234390:__main__:164:add_data_to_csv:INFO] Added row 6 records to csv
2023-09-07 21:41:58,149 [234390:__main__:164:add_data_to_csv:INFO] Added row 6 records to csv
2023-09-07 21:41:58,149 [234390:__main__:164:add_data_to_csv:INFO] Added row 6 records to csv
2023-09-07 21:41:58,149 [234390:__main__:164:add_data_to_csv:INFO] Added row 359 records to csv
2023-09-07 21:41:58,149 [234390:__main__:164:add_data_to_csv:INFO] Added row 257 records to csv
2023-09-07 21:41:58,150 [234390:__main__:164:add_data_to_csv:INFO] Added row 227 records to csv
2023-09-07 21:41:58,150 [234390:__main__:164:add_data_to_csv:INFO] Added row 30 records to csv
2023-09-07 21:41:58,150 [234390:__main__:164:add_data_to_csv:INFO] Added row 57 records to csv
2023-09-07 21:41:58,150 [234390:__main__:164:add_data_to_csv:INFO] Added row 22 records to csv
2023-09-07 21:41:58,150 [234390:__main__:164:add_data_to_csv:INFO] Added row 132 records to csv
2023-09-07 21:41:58,150 [234390:__main__:164:add_data_to_csv:INFO] Added row 244 records to csv
2023-09-07 21:41:58,151 [234390:__main__:164:add_data_to_csv:INFO] Added row 274 records to csv
2023-09-07 21:41:58,151 [234390:__main__:164:add_data_to_csv:INFO] Added row 125 records to csv
2023-09-07 21:41:58,151 [234390:__main__:164:add_data_to_csv:INFO] Added row 51 records to csv
2023-09-07 21:41:58,151 [234390:__main__:164:add_data_to_csv:INFO] Added row 68 records to csv
2023-09-07 21:41:58,151 [234390:__main__:164:add_data_to_csv:INFO] Added row 17 records to csv
2023-09-07 21:41:58,151 [234390:__main__:164:add_data_to_csv:INFO] Added row 55 records to csv
2023-09-07 21:41:58,151 [234390:__main__:164:add_data_to_csv:INFO] Added row 74 records to csv
2023-09-07 21:41:58,151 [234390:__main__:164:add_data_to_csv:INFO] Added row 103 records to csv
2023-09-07 21:41:58,151 [234390:__main__:164:add_data_to_csv:INFO] Added row 14 records to csv
2023-09-07 21:41:58,152 [234390:__main__:164:add_data_to_csv:INFO] Added row 224 records to csv
2023-09-07 21:41:58,152 [234390:__main__:164:add_data_to_csv:INFO] Added row 28 records to csv
2023-09-07 21:41:58,152 [234390:__main__:164:add_data_to_csv:INFO] Added row 13 records to csv
2023-09-07 21:41:58,152 [234390:__main__:164:add_data_to_csv:INFO] Added row 18 records to csv
2023-09-07 21:41:58,152 [234390:__main__:164:add_data_to_csv:INFO] Added row 199 records to csv
2023-09-07 21:41:58,152 [234390:__main__:164:add_data_to_csv:INFO] Added row 32 records to csv
2023-09-07 21:41:58,152 [234390:__main__:164:add_data_to_csv:INFO] Added row 7 records to csv
2023-09-07 21:41:58,152 [234390:__main__:164:add_data_to_csv:INFO] Added row 26 records to csv
2023-09-07 21:41:58,152 [234390:__main__:164:add_data_to_csv:INFO] Added row 145 records to csv
2023-09-07 21:41:58,153 [234390:__main__:164:add_data_to_csv:INFO] Added row 236 records to csv
2023-09-07 21:41:58,153 [234390:__main__:164:add_data_to_csv:INFO] Added row 149 records to csv
2023-09-07 21:41:58,153 [234390:__main__:164:add_data_to_csv:INFO] Added row 75 records to csv
2023-09-07 21:41:58,153 [234390:__main__:164:add_data_to_csv:INFO] Added row 45 records to csv
2023-09-07 21:41:58,153 [234390:__main__:164:add_data_to_csv:INFO] Added row 48 records to csv
2023-09-07 21:41:58,153 [234390:__main__:164:add_data_to_csv:INFO] Added row 76 records to csv
2023-09-07 21:41:58,153 [234390:__main__:164:add_data_to_csv:INFO] Added row 14 records to csv
2023-09-07 21:41:58,153 [234390:__main__:164:add_data_to_csv:INFO] Added row 14 records to csv
2023-09-07 21:41:58,153 [234390:__main__:164:add_data_to_csv:INFO] Added row 14 records to csv
2023-09-07 21:41:58,154 [234390:__main__:164:add_data_to_csv:INFO] Added row 14 records to csv
2023-09-07 21:41:58,154 [234390:__main__:164:add_data_to_csv:INFO] Added row 14 records to csv
2023-09-07 21:41:58,154 [234390:__main__:164:add_data_to_csv:INFO] Added row 14 records to csv
2023-09-07 21:41:58,154 [234390:__main__:164:add_data_to_csv:INFO] Added row 14 records to csv
2023-09-07 21:41:58,154 [234390:__main__:164:add_data_to_csv:INFO] Added row 14 records to csv
2023-09-07 21:41:58,154 [234390:__main__:164:add_data_to_csv:INFO] Added row 14 records to csv
2023-09-07 21:41:58,154 [234390:__main__:164:add_data_to_csv:INFO] Added row 25 records to csv
2023-09-07 21:41:58,154 [234390:__main__:164:add_data_to_csv:INFO] Added row 25 records to csv
2023-09-07 21:41:58,154 [234390:__main__:164:add_data_to_csv:INFO] Added row 25 records to csv
2023-09-07 21:41:58,154 [234390:__main__:164:add_data_to_csv:INFO] Added row 25 records to csv
2023-09-07 21:41:58,154 [234390:__main__:164:add_data_to_csv:INFO] Added row 25 records to csv
2023-09-07 21:41:58,155 [234390:__main__:164:add_data_to_csv:INFO] Added row 25 records to csv
2023-09-07 21:41:58,155 [234390:__main__:164:add_data_to_csv:INFO] Added row 25 records to csv
2023-09-07 21:41:58,155 [234390:__main__:164:add_data_to_csv:INFO] Added row 25 records to csv
2023-09-07 21:41:58,155 [234390:__main__:164:add_data_to_csv:INFO] Added row 25 records to csv
2023-09-07 21:41:58,155 [234390:__main__:164:add_data_to_csv:INFO] Added row 25 records to csv
2023-09-07 21:41:58,155 [234390:__main__:164:add_data_to_csv:INFO] Added row 25 records to csv
2023-09-07 21:41:58,155 [234390:__main__:164:add_data_to_csv:INFO] Added row 25 records to csv
2023-09-07 21:41:58,155 [234390:__main__:164:add_data_to_csv:INFO] Added row 25 records to csv
2023-09-07 21:41:58,155 [234390:__main__:164:add_data_to_csv:INFO] Added row 25 records to csv
2023-09-07 21:41:58,155 [234390:__main__:164:add_data_to_csv:INFO] Added row 25 records to csv
2023-09-07 21:41:58,156 [234390:__main__:164:add_data_to_csv:INFO] Added row 25 records to csv
2023-09-07 21:41:58,156 [234390:__main__:164:add_data_to_csv:INFO] Added row 25 records to csv
2023-09-07 21:41:58,156 [234390:__main__:164:add_data_to_csv:INFO] Added row 25 records to csv
2023-09-07 21:41:58,156 [234390:__main__:164:add_data_to_csv:INFO] Added row 25 records to csv
2023-09-07 21:41:58,156 [234390:__main__:164:add_data_to_csv:INFO] Added row 25 records to csv
2023-09-07 21:41:58,156 [234390:__main__:164:add_data_to_csv:INFO] Added row 25 records to csv
2023-09-07 21:41:58,156 [234390:__main__:164:add_data_to_csv:INFO] Added row 25 records to csv
2023-09-07 21:41:58,156 [234390:__main__:164:add_data_to_csv:INFO] Added row 25 records to csv
2023-09-07 21:41:58,156 [234390:__main__:164:add_data_to_csv:INFO] Added row 25 records to csv
2023-09-07 21:41:58,156 [234390:__main__:164:add_data_to_csv:INFO] Added row 25 records to csv
2023-09-07 21:41:58,156 [234390:__main__:164:add_data_to_csv:INFO] Added row 25 records to csv
2023-09-07 21:41:58,157 [234390:__main__:164:add_data_to_csv:INFO] Added row 25 records to csv
2023-09-07 21:41:58,157 [234390:__main__:164:add_data_to_csv:INFO] Added row 25 records to csv
2023-09-07 21:41:58,157 [234390:__main__:164:add_data_to_csv:INFO] Added row 25 records to csv
2023-09-07 21:41:58,157 [234390:__main__:164:add_data_to_csv:INFO] Added row 25 records to csv
2023-09-07 21:41:58,157 [234390:__main__:164:add_data_to_csv:INFO] Added row 25 records to csv
2023-09-07 21:41:58,157 [234390:__main__:164:add_data_to_csv:INFO] Added row 25 records to csv
2023-09-07 21:41:58,157 [234390:__main__:164:add_data_to_csv:INFO] Added row 25 records to csv
2023-09-07 21:41:58,157 [234390:__main__:164:add_data_to_csv:INFO] Added row 25 records to csv
2023-09-07 21:41:58,157 [234390:__main__:164:add_data_to_csv:INFO] Added row 25 records to csv
2023-09-07 21:41:58,157 [234390:__main__:164:add_data_to_csv:INFO] Added row 25 records to csv
2023-09-07 21:41:58,157 [234390:__main__:164:add_data_to_csv:INFO] Added row 25 records to csv
2023-09-07 21:41:58,158 [234390:__main__:164:add_data_to_csv:INFO] Added row 25 records to csv
2023-09-07 21:41:58,158 [234390:__main__:164:add_data_to_csv:INFO] Added row 25 records to csv
2023-09-07 21:41:58,158 [234390:__main__:164:add_data_to_csv:INFO] Added row 25 records to csv
2023-09-07 21:41:58,158 [234390:__main__:164:add_data_to_csv:INFO] Added row 25 records to csv
2023-09-07 21:41:58,158 [234390:__main__:164:add_data_to_csv:INFO] Added row 25 records to csv
2023-09-07 21:41:58,158 [234390:__main__:164:add_data_to_csv:INFO] Added row 25 records to csv
2023-09-07 21:41:58,158 [234390:__main__:164:add_data_to_csv:INFO] Added row 25 records to csv
2023-09-07 21:41:58,158 [234390:__main__:164:add_data_to_csv:INFO] Added row 25 records to csv
2023-09-07 21:41:58,158 [234390:__main__:164:add_data_to_csv:INFO] Added row 25 records to csv
2023-09-07 21:41:58,158 [234390:__main__:164:add_data_to_csv:INFO] Added row 25 records to csv
2023-09-07 21:41:58,158 [234390:__main__:164:add_data_to_csv:INFO] Added row 25 records to csv
2023-09-07 21:41:58,159 [234390:__main__:164:add_data_to_csv:INFO] Added row 25 records to csv
2023-09-07 21:41:58,159 [234390:__main__:164:add_data_to_csv:INFO] Added row 25 records to csv
2023-09-07 21:41:58,159 [234390:__main__:164:add_data_to_csv:INFO] Added row 25 records to csv
2023-09-07 21:41:58,159 [234390:__main__:164:add_data_to_csv:INFO] Added row 25 records to csv
2023-09-07 21:41:58,159 [234390:__main__:164:add_data_to_csv:INFO] Added row 25 records to csv
2023-09-07 21:41:58,159 [234390:__main__:164:add_data_to_csv:INFO] Added row 25 records to csv
2023-09-07 21:41:58,159 [234390:__main__:164:add_data_to_csv:INFO] Added row 25 records to csv
2023-09-07 21:41:58,159 [234390:__main__:164:add_data_to_csv:INFO] Added row 25 records to csv
2023-09-07 21:41:58,159 [234390:__main__:164:add_data_to_csv:INFO] Added row 10 records to csv
2023-09-07 21:41:58,159 [234390:__main__:164:add_data_to_csv:INFO] Added row 10 records to csv
2023-09-07 21:41:58,159 [234390:__main__:164:add_data_to_csv:INFO] Added row 10 records to csv
2023-09-07 21:41:58,160 [234390:__main__:164:add_data_to_csv:INFO] Added row 10 records to csv
2023-09-07 21:41:58,160 [234390:__main__:164:add_data_to_csv:INFO] Added row 6 records to csv
2023-09-07 21:41:58,160 [234390:__main__:164:add_data_to_csv:INFO] Added row 6 records to csv
2023-09-07 21:41:58,160 [234390:__main__:164:add_data_to_csv:INFO] Added row 6 records to csv
2023-09-07 21:41:58,160 [234390:__main__:164:add_data_to_csv:INFO] Added row 6 records to csv
2023-09-07 21:41:58,160 [234390:__main__:164:add_data_to_csv:INFO] Added row 6 records to csv
2023-09-08 12:51:26,282 [87739:__main__:74:read_xml:INFO] Working on /home/uventus/PycharmProjects/Parser/Nokia/pm/etlexpmx_MRBTS_20230621004724_1140113.xml...
2023-09-08 12:51:26,297 [87739:__main__:78:read_xml:INFO] start context
2023-09-08 12:51:31,968 [87761:__main__:74:read_xml:INFO] Working on /home/uventus/PycharmProjects/Parser/Nokia/pm/etlexpmx_MRBTS_20230621004724_1140113.xml...
2023-09-08 12:51:31,982 [87761:__main__:78:read_xml:INFO] start context
2023-09-08 12:52:26,961 [88052:__main__:74:read_xml:INFO] Working on /home/uventus/PycharmProjects/Parser/Nokia/pm/etlexpmx_MRBTS_20230621004724_1140113.xml...
2023-09-08 12:52:26,974 [88052:__main__:78:read_xml:INFO] start context
2023-09-08 12:52:26,981 [88052:__main__:131:run:INFO] Added row 1 records to csv
2023-09-08 12:52:26,981 [88052:__main__:131:run:INFO] Added row 2 records to csv
2023-09-08 12:52:26,981 [88052:__main__:131:run:INFO] Added row 3 records to csv
2023-09-08 12:52:26,981 [88052:__main__:131:run:INFO] Added row 4 records to csv
2023-09-08 12:52:26,981 [88052:__main__:131:run:INFO] Added row 5 records to csv
2023-09-08 12:52:26,981 [88052:__main__:131:run:INFO] Added row 6 records to csv
2023-09-08 12:52:26,981 [88052:__main__:131:run:INFO] Added row 7 records to csv
2023-09-08 12:52:26,982 [88052:__main__:131:run:INFO] Added row 8 records to csv
2023-09-08 12:52:26,982 [88052:__main__:131:run:INFO] Added row 9 records to csv
2023-09-08 12:52:26,982 [88052:__main__:131:run:INFO] Added row 10 records to csv
2023-09-08 12:52:26,982 [88052:__main__:131:run:INFO] Added row 11 records to csv
2023-09-08 12:52:26,982 [88052:__main__:131:run:INFO] Added row 12 records to csv
2023-09-08 12:52:26,982 [88052:__main__:131:run:INFO] Added row 13 records to csv
2023-09-08 12:52:26,982 [88052:__main__:131:run:INFO] Added row 14 records to csv
2023-09-08 12:52:26,982 [88052:__main__:131:run:INFO] Added row 15 records to csv
2023-09-08 12:52:26,982 [88052:__main__:131:run:INFO] Added row 16 records to csv
2023-09-08 12:52:26,982 [88052:__main__:131:run:INFO] Added row 17 records to csv
2023-09-08 12:52:26,982 [88052:__main__:131:run:INFO] Added row 18 records to csv
2023-09-08 12:52:26,983 [88052:__main__:131:run:INFO] Added row 19 records to csv
2023-09-08 12:52:26,983 [88052:__main__:131:run:INFO] Added row 20 records to csv
2023-09-08 12:52:26,983 [88052:__main__:131:run:INFO] Added row 21 records to csv
2023-09-08 12:52:26,983 [88052:__main__:131:run:INFO] Added row 22 records to csv
2023-09-08 12:52:26,983 [88052:__main__:131:run:INFO] Added row 23 records to csv
2023-09-08 12:52:26,983 [88052:__main__:131:run:INFO] Added row 24 records to csv
2023-09-08 12:52:26,983 [88052:__main__:131:run:INFO] Added row 25 records to csv
2023-09-08 12:52:26,983 [88052:__main__:131:run:INFO] Added row 26 records to csv
2023-09-08 12:52:26,984 [88052:__main__:131:run:INFO] Added row 27 records to csv
2023-09-08 12:52:26,984 [88052:__main__:131:run:INFO] Added row 28 records to csv
2023-09-08 12:52:26,984 [88052:__main__:131:run:INFO] Added row 29 records to csv
2023-09-08 12:52:26,984 [88052:__main__:131:run:INFO] Added row 30 records to csv
2023-09-08 12:52:26,984 [88052:__main__:131:run:INFO] Added row 31 records to csv
2023-09-08 12:52:26,984 [88052:__main__:131:run:INFO] Added row 32 records to csv
2023-09-08 12:52:26,984 [88052:__main__:131:run:INFO] Added row 33 records to csv
2023-09-08 12:52:26,984 [88052:__main__:131:run:INFO] Added row 34 records to csv
2023-09-08 12:52:26,984 [88052:__main__:131:run:INFO] Added row 35 records to csv
2023-09-08 12:52:26,985 [88052:__main__:131:run:INFO] Added row 36 records to csv
2023-09-08 12:52:26,985 [88052:__main__:131:run:INFO] Added row 37 records to csv
2023-09-08 12:52:26,985 [88052:__main__:131:run:INFO] Added row 38 records to csv
2023-09-08 12:52:26,985 [88052:__main__:131:run:INFO] Added row 39 records to csv
2023-09-08 12:52:26,985 [88052:__main__:131:run:INFO] Added row 40 records to csv
2023-09-08 12:52:26,985 [88052:__main__:131:run:INFO] Added row 41 records to csv
2023-09-08 12:52:26,985 [88052:__main__:131:run:INFO] Added row 42 records to csv
2023-09-08 12:52:26,985 [88052:__main__:131:run:INFO] Added row 43 records to csv
2023-09-08 12:52:26,986 [88052:__main__:131:run:INFO] Added row 44 records to csv
2023-09-08 12:52:26,986 [88052:__main__:131:run:INFO] Added row 45 records to csv
2023-09-08 12:52:26,986 [88052:__main__:131:run:INFO] Added row 46 records to csv
2023-09-08 12:52:26,986 [88052:__main__:131:run:INFO] Added row 47 records to csv
2023-09-08 12:52:26,986 [88052:__main__:131:run:INFO] Added row 48 records to csv
2023-09-08 12:52:26,986 [88052:__main__:131:run:INFO] Added row 49 records to csv
2023-09-08 12:52:26,986 [88052:__main__:131:run:INFO] Added row 50 records to csv
2023-09-08 12:52:26,986 [88052:__main__:131:run:INFO] Added row 51 records to csv
2023-09-08 12:52:26,986 [88052:__main__:131:run:INFO] Added row 52 records to csv
2023-09-08 12:52:26,986 [88052:__main__:131:run:INFO] Added row 53 records to csv
2023-09-08 12:52:26,986 [88052:__main__:131:run:INFO] Added row 54 records to csv
2023-09-08 12:52:26,986 [88052:__main__:131:run:INFO] Added row 55 records to csv
2023-09-08 12:52:26,987 [88052:__main__:131:run:INFO] Added row 56 records to csv
2023-09-08 12:52:26,987 [88052:__main__:131:run:INFO] Added row 57 records to csv
2023-09-08 12:52:26,987 [88052:__main__:131:run:INFO] Added row 58 records to csv
2023-09-08 12:52:26,987 [88052:__main__:131:run:INFO] Added row 59 records to csv
2023-09-08 12:52:26,987 [88052:__main__:131:run:INFO] Added row 60 records to csv
2023-09-08 12:52:26,987 [88052:__main__:131:run:INFO] Added row 61 records to csv
2023-09-08 12:52:26,987 [88052:__main__:131:run:INFO] Added row 62 records to csv
2023-09-08 12:52:26,988 [88052:__main__:131:run:INFO] Added row 63 records to csv
2023-09-08 12:52:26,988 [88052:__main__:131:run:INFO] Added row 64 records to csv
2023-09-08 12:52:26,988 [88052:__main__:131:run:INFO] Added row 65 records to csv
2023-09-08 12:52:26,988 [88052:__main__:131:run:INFO] Added row 66 records to csv
2023-09-08 12:52:26,988 [88052:__main__:131:run:INFO] Added row 67 records to csv
2023-09-08 12:52:26,988 [88052:__main__:131:run:INFO] Added row 68 records to csv
2023-09-08 12:52:26,988 [88052:__main__:131:run:INFO] Added row 69 records to csv
2023-09-08 12:52:26,988 [88052:__main__:131:run:INFO] Added row 70 records to csv
2023-09-08 12:52:26,989 [88052:__main__:131:run:INFO] Added row 71 records to csv
2023-09-08 12:52:26,989 [88052:__main__:131:run:INFO] Added row 72 records to csv
2023-09-08 12:52:26,989 [88052:__main__:131:run:INFO] Added row 73 records to csv
2023-09-08 12:52:26,989 [88052:__main__:131:run:INFO] Added row 74 records to csv
2023-09-08 12:52:26,989 [88052:__main__:131:run:INFO] Added row 75 records to csv
2023-09-08 12:52:26,990 [88052:__main__:131:run:INFO] Added row 76 records to csv
2023-09-08 12:52:26,990 [88052:__main__:131:run:INFO] Added row 77 records to csv
2023-09-08 12:52:26,990 [88052:__main__:131:run:INFO] Added row 78 records to csv
2023-09-08 12:52:26,990 [88052:__main__:131:run:INFO] Added row 79 records to csv
2023-09-08 12:52:26,990 [88052:__main__:131:run:INFO] Added row 80 records to csv
2023-09-08 12:52:26,991 [88052:__main__:131:run:INFO] Added row 81 records to csv
2023-09-08 12:52:26,991 [88052:__main__:131:run:INFO] Added row 82 records to csv
2023-09-08 12:52:26,991 [88052:__main__:131:run:INFO] Added row 83 records to csv
2023-09-08 12:52:26,991 [88052:__main__:131:run:INFO] Added row 84 records to csv
2023-09-08 12:52:26,991 [88052:__main__:131:run:INFO] Added row 85 records to csv
2023-09-08 12:52:26,991 [88052:__main__:131:run:INFO] Added row 86 records to csv
2023-09-08 12:52:26,992 [88052:__main__:131:run:INFO] Added row 87 records to csv
2023-09-08 12:52:26,992 [88052:__main__:131:run:INFO] Added row 88 records to csv
2023-09-08 12:52:26,992 [88052:__main__:131:run:INFO] Added row 89 records to csv
2023-09-08 12:52:26,992 [88052:__main__:131:run:INFO] Added row 90 records to csv
2023-09-08 12:52:26,992 [88052:__main__:131:run:INFO] Added row 91 records to csv
2023-09-08 12:52:26,992 [88052:__main__:131:run:INFO] Added row 92 records to csv
2023-09-08 12:52:26,993 [88052:__main__:131:run:INFO] Added row 93 records to csv
2023-09-08 12:52:26,993 [88052:__main__:131:run:INFO] Added row 94 records to csv
2023-09-08 12:52:26,993 [88052:__main__:131:run:INFO] Added row 95 records to csv
2023-09-08 12:52:26,993 [88052:__main__:131:run:INFO] Added row 96 records to csv
2023-09-08 12:52:26,993 [88052:__main__:131:run:INFO] Added row 97 records to csv
2023-09-08 12:52:26,993 [88052:__main__:131:run:INFO] Added row 98 records to csv
2023-09-08 12:52:26,994 [88052:__main__:131:run:INFO] Added row 99 records to csv
2023-09-08 12:52:26,994 [88052:__main__:131:run:INFO] Added row 100 records to csv
2023-09-08 12:52:26,994 [88052:__main__:131:run:INFO] Added row 101 records to csv
2023-09-08 12:52:26,994 [88052:__main__:131:run:INFO] Added row 102 records to csv
2023-09-08 12:52:26,994 [88052:__main__:131:run:INFO] Added row 103 records to csv
2023-09-08 12:52:26,994 [88052:__main__:131:run:INFO] Added row 104 records to csv
2023-09-08 12:52:26,994 [88052:__main__:131:run:INFO] Added row 105 records to csv
2023-09-08 12:52:26,994 [88052:__main__:131:run:INFO] Added row 106 records to csv
2023-09-08 12:52:26,995 [88052:__main__:131:run:INFO] Added row 107 records to csv
2023-09-08 12:52:26,995 [88052:__main__:131:run:INFO] Added row 108 records to csv
2023-09-08 12:52:26,995 [88052:__main__:131:run:INFO] Added row 109 records to csv
2023-09-08 12:52:26,995 [88052:__main__:131:run:INFO] Added row 110 records to csv
2023-09-08 12:52:26,995 [88052:__main__:131:run:INFO] Added row 111 records to csv
2023-09-08 12:52:26,995 [88052:__main__:131:run:INFO] Added row 112 records to csv
2023-09-08 12:52:26,995 [88052:__main__:131:run:INFO] Added row 113 records to csv
2023-09-08 12:52:26,995 [88052:__main__:131:run:INFO] Added row 114 records to csv
2023-09-08 12:52:26,995 [88052:__main__:131:run:INFO] Added row 115 records to csv
2023-09-08 12:52:26,995 [88052:__main__:131:run:INFO] Added row 116 records to csv
2023-09-08 12:52:26,996 [88052:__main__:131:run:INFO] Added row 117 records to csv
2023-09-08 12:52:26,996 [88052:__main__:131:run:INFO] Added row 118 records to csv
2023-09-08 12:52:26,996 [88052:__main__:131:run:INFO] Added row 119 records to csv
2023-09-08 12:52:26,996 [88052:__main__:131:run:INFO] Added row 120 records to csv
2023-09-08 12:52:26,996 [88052:__main__:131:run:INFO] Added row 121 records to csv
2023-09-08 12:52:26,996 [88052:__main__:131:run:INFO] Added row 122 records to csv
2023-09-08 12:52:26,996 [88052:__main__:131:run:INFO] Added row 123 records to csv
2023-09-08 12:52:26,996 [88052:__main__:131:run:INFO] Added row 124 records to csv
2023-09-08 12:52:26,996 [88052:__main__:131:run:INFO] Added row 125 records to csv
2023-09-08 12:52:26,996 [88052:__main__:131:run:INFO] Added row 126 records to csv
2023-09-08 12:52:26,996 [88052:__main__:131:run:INFO] Added row 127 records to csv
2023-09-08 12:52:26,997 [88052:__main__:131:run:INFO] Added row 128 records to csv
2023-09-08 12:52:26,997 [88052:__main__:131:run:INFO] Added row 129 records to csv
2023-09-08 12:52:26,997 [88052:__main__:131:run:INFO] Added row 130 records to csv
2023-09-08 12:52:26,997 [88052:__main__:131:run:INFO] Added row 131 records to csv
2023-09-08 12:52:26,997 [88052:__main__:131:run:INFO] Added row 132 records to csv
2023-09-08 12:52:26,997 [88052:__main__:131:run:INFO] Added row 133 records to csv
2023-09-08 12:52:26,997 [88052:__main__:131:run:INFO] Added row 134 records to csv
2023-09-08 12:52:26,997 [88052:__main__:131:run:INFO] Added row 135 records to csv
2023-09-08 12:52:26,997 [88052:__main__:131:run:INFO] Added row 136 records to csv
2023-09-08 12:52:26,997 [88052:__main__:131:run:INFO] Added row 137 records to csv
2023-09-08 12:52:26,997 [88052:__main__:131:run:INFO] Added row 138 records to csv
2023-09-08 12:52:26,997 [88052:__main__:131:run:INFO] Added row 139 records to csv
2023-09-08 12:52:26,998 [88052:__main__:131:run:INFO] Added row 140 records to csv
2023-09-08 12:52:26,998 [88052:__main__:131:run:INFO] Added row 141 records to csv
2023-09-08 12:52:26,998 [88052:__main__:131:run:INFO] Added row 142 records to csv
2023-09-08 12:52:26,998 [88052:__main__:131:run:INFO] Added row 143 records to csv
2023-09-08 12:52:26,998 [88052:__main__:131:run:INFO] Added row 144 records to csv
2023-09-08 12:52:26,998 [88052:__main__:131:run:INFO] Added row 145 records to csv
2023-09-08 12:52:26,998 [88052:__main__:131:run:INFO] Added row 146 records to csv
2023-09-08 12:52:26,998 [88052:__main__:131:run:INFO] Added row 147 records to csv
2023-09-08 12:52:26,998 [88052:__main__:131:run:INFO] Added row 148 records to csv
2023-09-08 12:52:26,998 [88052:__main__:131:run:INFO] Added row 149 records to csv
2023-09-08 12:52:26,999 [88052:__main__:131:run:INFO] Added row 150 records to csv
2023-09-08 12:52:26,999 [88052:__main__:131:run:INFO] Added row 151 records to csv
2023-09-08 12:52:26,999 [88052:__main__:131:run:INFO] Added row 152 records to csv
2023-09-08 12:52:26,999 [88052:__main__:131:run:INFO] Added row 153 records to csv
2023-09-08 12:52:26,999 [88052:__main__:131:run:INFO] Added row 154 records to csv
2023-09-08 12:52:26,999 [88052:__main__:131:run:INFO] Added row 155 records to csv
2023-09-08 12:52:26,999 [88052:__main__:131:run:INFO] Added row 156 records to csv
2023-09-08 12:52:26,999 [88052:__main__:131:run:INFO] Added row 157 records to csv
2023-09-08 12:52:26,999 [88052:__main__:131:run:INFO] Added row 158 records to csv
2023-09-08 12:52:27,000 [88052:__main__:131:run:INFO] Added row 159 records to csv
2023-09-08 12:52:27,000 [88052:__main__:131:run:INFO] Added row 160 records to csv
2023-09-08 12:52:27,000 [88052:__main__:131:run:INFO] Added row 161 records to csv
2023-09-08 12:52:27,000 [88052:__main__:131:run:INFO] Added row 162 records to csv
2023-09-08 12:52:27,000 [88052:__main__:131:run:INFO] Added row 163 records to csv
2023-09-08 12:52:27,000 [88052:__main__:131:run:INFO] Added row 164 records to csv
2023-09-08 12:52:27,001 [88052:__main__:131:run:INFO] Added row 165 records to csv
2023-09-08 12:52:27,001 [88052:__main__:131:run:INFO] Added row 166 records to csv
2023-09-08 12:52:27,001 [88052:__main__:131:run:INFO] Added row 167 records to csv
2023-09-08 12:52:27,001 [88052:__main__:131:run:INFO] Added row 168 records to csv
2023-09-08 12:52:27,001 [88052:__main__:131:run:INFO] Added row 169 records to csv
2023-09-08 12:52:27,001 [88052:__main__:131:run:INFO] Added row 170 records to csv
2023-09-08 12:52:27,001 [88052:__main__:131:run:INFO] Added row 171 records to csv
2023-09-08 12:52:27,001 [88052:__main__:131:run:INFO] Added row 172 records to csv
2023-09-08 12:52:27,001 [88052:__main__:131:run:INFO] Added row 173 records to csv
2023-09-08 12:52:27,001 [88052:__main__:131:run:INFO] Added row 174 records to csv
2023-09-08 12:52:27,002 [88052:__main__:131:run:INFO] Added row 175 records to csv
2023-09-08 12:52:27,002 [88052:__main__:131:run:INFO] Added row 176 records to csv
2023-09-08 12:52:27,002 [88052:__main__:131:run:INFO] Added row 177 records to csv
2023-09-08 12:52:27,002 [88052:__main__:131:run:INFO] Added row 178 records to csv
2023-09-08 12:52:27,002 [88052:__main__:131:run:INFO] Added row 179 records to csv
2023-09-08 12:52:27,002 [88052:__main__:131:run:INFO] Added row 180 records to csv
2023-09-08 12:52:27,002 [88052:__main__:131:run:INFO] Added row 181 records to csv
2023-09-08 12:52:27,002 [88052:__main__:131:run:INFO] Added row 182 records to csv
2023-09-08 12:52:27,002 [88052:__main__:131:run:INFO] Added row 183 records to csv
2023-09-08 12:52:27,003 [88052:__main__:131:run:INFO] Added row 184 records to csv
2023-09-08 12:52:27,003 [88052:__main__:131:run:INFO] Added row 185 records to csv
2023-09-08 12:52:27,003 [88052:__main__:131:run:INFO] Added row 186 records to csv
2023-09-08 12:52:27,003 [88052:__main__:131:run:INFO] Added row 187 records to csv
2023-09-08 12:52:27,003 [88052:__main__:131:run:INFO] Added row 188 records to csv
2023-09-08 12:52:27,003 [88052:__main__:131:run:INFO] Added row 189 records to csv
2023-09-08 12:52:27,003 [88052:__main__:131:run:INFO] Added row 190 records to csv
2023-09-08 12:52:27,003 [88052:__main__:131:run:INFO] Added row 191 records to csv
2023-09-08 12:52:27,003 [88052:__main__:131:run:INFO] Added row 192 records to csv
2023-09-08 12:52:27,003 [88052:__main__:131:run:INFO] Added row 193 records to csv
2023-09-08 12:52:27,004 [88052:__main__:131:run:INFO] Added row 194 records to csv
2023-09-08 12:52:27,004 [88052:__main__:131:run:INFO] Added row 195 records to csv
2023-09-08 12:52:27,004 [88052:__main__:131:run:INFO] Added row 196 records to csv
2023-09-08 12:52:27,004 [88052:__main__:131:run:INFO] Added row 197 records to csv
2023-09-08 12:52:27,004 [88052:__main__:131:run:INFO] Added row 198 records to csv
2023-09-08 12:52:27,004 [88052:__main__:131:run:INFO] Added row 199 records to csv
2023-09-08 12:52:27,004 [88052:__main__:131:run:INFO] Added row 200 records to csv
2023-09-08 12:52:27,004 [88052:__main__:131:run:INFO] Added row 201 records to csv
2023-09-08 12:52:27,004 [88052:__main__:131:run:INFO] Added row 202 records to csv
2023-09-08 12:52:27,004 [88052:__main__:131:run:INFO] Added row 203 records to csv
2023-09-08 12:52:27,004 [88052:__main__:131:run:INFO] Added row 204 records to csv
2023-09-08 12:52:27,004 [88052:__main__:131:run:INFO] Added row 205 records to csv
2023-09-08 12:52:27,005 [88052:__main__:131:run:INFO] Added row 206 records to csv
2023-09-08 12:52:27,005 [88052:__main__:131:run:INFO] Added row 207 records to csv
2023-09-08 12:52:27,005 [88052:__main__:131:run:INFO] Added row 208 records to csv
2023-09-08 12:52:27,005 [88052:__main__:131:run:INFO] Added row 209 records to csv
2023-09-08 12:52:27,005 [88052:__main__:131:run:INFO] Added row 210 records to csv
2023-09-08 12:52:27,005 [88052:__main__:131:run:INFO] Added row 211 records to csv
2023-09-08 12:52:27,005 [88052:__main__:131:run:INFO] Added row 212 records to csv
2023-09-08 12:52:27,005 [88052:__main__:131:run:INFO] Added row 213 records to csv
2023-09-08 12:52:27,005 [88052:__main__:131:run:INFO] Added row 214 records to csv
2023-09-08 12:52:27,005 [88052:__main__:131:run:INFO] Added row 215 records to csv
2023-09-08 12:52:27,006 [88052:__main__:131:run:INFO] Added row 216 records to csv
2023-09-08 12:52:27,006 [88052:__main__:131:run:INFO] Added row 217 records to csv
2023-09-08 12:52:27,006 [88052:__main__:131:run:INFO] Added row 218 records to csv
2023-09-08 12:52:27,006 [88052:__main__:131:run:INFO] Added row 219 records to csv
2023-09-08 12:52:27,006 [88052:__main__:131:run:INFO] Added row 220 records to csv
2023-09-08 12:52:27,006 [88052:__main__:131:run:INFO] Added row 221 records to csv
2023-09-08 12:52:27,006 [88052:__main__:131:run:INFO] Added row 222 records to csv
2023-09-08 12:52:27,006 [88052:__main__:131:run:INFO] Added row 223 records to csv
2023-09-08 12:52:27,006 [88052:__main__:131:run:INFO] Added row 224 records to csv
2023-09-08 12:52:27,006 [88052:__main__:131:run:INFO] Added row 225 records to csv
2023-09-08 12:52:27,006 [88052:__main__:131:run:INFO] Added row 226 records to csv
2023-09-08 12:52:27,007 [88052:__main__:131:run:INFO] Added row 227 records to csv
2023-09-08 12:52:27,007 [88052:__main__:131:run:INFO] Added row 228 records to csv
2023-09-08 12:52:27,007 [88052:__main__:131:run:INFO] Added row 229 records to csv
2023-09-08 12:52:27,007 [88052:__main__:131:run:INFO] Added row 230 records to csv
2023-09-08 12:52:27,007 [88052:__main__:131:run:INFO] Added row 231 records to csv
2023-09-08 12:52:27,007 [88052:__main__:131:run:INFO] Added row 232 records to csv
2023-09-08 12:52:27,007 [88052:__main__:131:run:INFO] Added row 233 records to csv
2023-09-08 12:52:27,007 [88052:__main__:131:run:INFO] Added row 234 records to csv
2023-09-08 12:52:27,007 [88052:__main__:131:run:INFO] Added row 235 records to csv
2023-09-08 12:52:27,007 [88052:__main__:131:run:INFO] Added row 236 records to csv
2023-09-08 12:52:27,007 [88052:__main__:131:run:INFO] Added row 237 records to csv
2023-09-08 12:52:27,007 [88052:__main__:131:run:INFO] Added row 238 records to csv
2023-09-08 12:52:27,008 [88052:__main__:131:run:INFO] Added row 239 records to csv
2023-09-08 12:52:27,008 [88052:__main__:131:run:INFO] Added row 240 records to csv
2023-09-08 12:52:27,008 [88052:__main__:131:run:INFO] Added row 241 records to csv
2023-09-08 12:52:27,008 [88052:__main__:131:run:INFO] Added row 242 records to csv
2023-09-08 12:52:27,008 [88052:__main__:131:run:INFO] Added row 243 records to csv
2023-09-08 12:52:27,008 [88052:__main__:131:run:INFO] Added row 244 records to csv
2023-09-08 12:52:27,008 [88052:__main__:131:run:INFO] Added row 245 records to csv
2023-09-08 12:52:27,008 [88052:__main__:131:run:INFO] Added row 246 records to csv
2023-09-08 12:52:27,008 [88052:__main__:131:run:INFO] Added row 247 records to csv
2023-09-08 12:52:27,008 [88052:__main__:131:run:INFO] Added row 248 records to csv
2023-09-08 12:52:27,008 [88052:__main__:131:run:INFO] Added row 249 records to csv
2023-09-08 12:52:27,008 [88052:__main__:131:run:INFO] Added row 250 records to csv
2023-09-08 12:52:27,009 [88052:__main__:131:run:INFO] Added row 251 records to csv
2023-09-08 12:52:27,009 [88052:__main__:131:run:INFO] Added row 252 records to csv
2023-09-08 12:52:27,009 [88052:__main__:131:run:INFO] Added row 253 records to csv
2023-09-08 12:52:27,009 [88052:__main__:131:run:INFO] Added row 254 records to csv
2023-09-08 12:52:27,009 [88052:__main__:131:run:INFO] Added row 255 records to csv
2023-09-08 12:52:27,009 [88052:__main__:131:run:INFO] Added row 256 records to csv
2023-09-08 12:52:27,009 [88052:__main__:131:run:INFO] Added row 257 records to csv
2023-09-08 12:52:27,009 [88052:__main__:131:run:INFO] Added row 258 records to csv
2023-09-08 12:52:27,009 [88052:__main__:131:run:INFO] Added row 259 records to csv
2023-09-08 12:52:27,009 [88052:__main__:131:run:INFO] Added row 260 records to csv
2023-09-08 12:52:27,009 [88052:__main__:131:run:INFO] Added row 261 records to csv
2023-09-08 12:52:27,009 [88052:__main__:131:run:INFO] Added row 262 records to csv
2023-09-08 12:52:27,010 [88052:__main__:131:run:INFO] Added row 263 records to csv
2023-09-08 12:52:27,010 [88052:__main__:131:run:INFO] Added row 264 records to csv
2023-09-08 12:52:27,010 [88052:__main__:131:run:INFO] Added row 265 records to csv
2023-09-08 12:52:27,010 [88052:__main__:131:run:INFO] Added row 266 records to csv
2023-09-08 12:52:27,010 [88052:__main__:131:run:INFO] Added row 267 records to csv
2023-09-08 12:52:27,010 [88052:__main__:131:run:INFO] Added row 268 records to csv
2023-09-08 12:52:27,010 [88052:__main__:131:run:INFO] Added row 269 records to csv
2023-09-08 12:52:27,010 [88052:__main__:131:run:INFO] Added row 270 records to csv
2023-09-08 12:52:27,011 [88052:__main__:131:run:INFO] Added row 271 records to csv
2023-09-08 12:52:27,011 [88052:__main__:131:run:INFO] Added row 272 records to csv
2023-09-08 12:52:27,011 [88052:__main__:131:run:INFO] Added row 273 records to csv
2023-09-08 12:52:27,011 [88052:__main__:131:run:INFO] Added row 274 records to csv
2023-09-08 12:52:27,011 [88052:__main__:131:run:INFO] Added row 275 records to csv
2023-09-08 12:52:27,011 [88052:__main__:131:run:INFO] Added row 276 records to csv
2023-09-08 12:52:27,011 [88052:__main__:131:run:INFO] Added row 277 records to csv
2023-09-08 12:52:27,011 [88052:__main__:131:run:INFO] Added row 278 records to csv
2023-09-08 12:52:27,012 [88052:__main__:131:run:INFO] Added row 279 records to csv
2023-09-08 12:52:27,012 [88052:__main__:131:run:INFO] Added row 280 records to csv
2023-09-08 12:52:27,012 [88052:__main__:131:run:INFO] Added row 281 records to csv
2023-09-08 12:52:27,012 [88052:__main__:131:run:INFO] Added row 282 records to csv
2023-09-08 12:52:27,012 [88052:__main__:131:run:INFO] Added row 283 records to csv
2023-09-08 12:52:27,012 [88052:__main__:131:run:INFO] Added row 284 records to csv
2023-09-08 12:52:27,012 [88052:__main__:131:run:INFO] Added row 285 records to csv
2023-09-08 12:52:27,012 [88052:__main__:131:run:INFO] Added row 286 records to csv
2023-09-08 12:52:27,013 [88052:__main__:131:run:INFO] Added row 287 records to csv
2023-09-08 12:52:27,013 [88052:__main__:131:run:INFO] Added row 288 records to csv
2023-09-08 12:52:27,013 [88052:__main__:131:run:INFO] Added row 289 records to csv
2023-09-08 12:52:27,013 [88052:__main__:131:run:INFO] Added row 290 records to csv
2023-09-08 12:52:27,013 [88052:__main__:131:run:INFO] Added row 291 records to csv
2023-09-08 12:52:27,013 [88052:__main__:131:run:INFO] Added row 292 records to csv
2023-09-08 12:52:27,013 [88052:__main__:131:run:INFO] Added row 293 records to csv
2023-09-08 12:52:27,013 [88052:__main__:131:run:INFO] Added row 294 records to csv
2023-09-08 12:52:27,013 [88052:__main__:131:run:INFO] Added row 295 records to csv
2023-09-08 12:52:27,014 [88052:__main__:131:run:INFO] Added row 296 records to csv
2023-09-08 12:52:27,014 [88052:__main__:131:run:INFO] Added row 297 records to csv
2023-09-08 12:52:27,014 [88052:__main__:131:run:INFO] Added row 298 records to csv
2023-09-08 12:52:27,014 [88052:__main__:131:run:INFO] Added row 299 records to csv
2023-09-08 12:52:27,014 [88052:__main__:131:run:INFO] Added row 300 records to csv
2023-09-08 12:52:27,014 [88052:__main__:131:run:INFO] Added row 301 records to csv
2023-09-08 12:52:27,014 [88052:__main__:131:run:INFO] Added row 302 records to csv
2023-09-08 12:52:27,014 [88052:__main__:131:run:INFO] Added row 303 records to csv
2023-09-08 12:52:27,014 [88052:__main__:131:run:INFO] Added row 304 records to csv
2023-09-08 12:52:27,014 [88052:__main__:131:run:INFO] Added row 305 records to csv
2023-09-08 12:52:27,014 [88052:__main__:131:run:INFO] Added row 306 records to csv
2023-09-08 12:52:27,015 [88052:__main__:131:run:INFO] Added row 307 records to csv
2023-09-08 12:52:27,015 [88052:__main__:131:run:INFO] Added row 308 records to csv
2023-09-08 12:52:27,015 [88052:__main__:131:run:INFO] Added row 309 records to csv
2023-09-08 12:52:27,015 [88052:__main__:131:run:INFO] Added row 310 records to csv
2023-09-08 12:52:27,015 [88052:__main__:131:run:INFO] Added row 311 records to csv
2023-09-08 12:52:27,015 [88052:__main__:131:run:INFO] Added row 312 records to csv
2023-09-08 12:52:27,015 [88052:__main__:131:run:INFO] Added row 313 records to csv
2023-09-08 12:52:27,015 [88052:__main__:131:run:INFO] Added row 314 records to csv
2023-09-08 12:52:27,015 [88052:__main__:131:run:INFO] Added row 315 records to csv
2023-09-08 12:52:27,015 [88052:__main__:131:run:INFO] Added row 316 records to csv
2023-09-08 12:52:27,015 [88052:__main__:131:run:INFO] Added row 317 records to csv
2023-09-08 12:52:27,015 [88052:__main__:131:run:INFO] Added row 318 records to csv
2023-09-08 12:52:27,016 [88052:__main__:131:run:INFO] Added row 319 records to csv
2023-09-08 12:52:27,016 [88052:__main__:131:run:INFO] Added row 320 records to csv
2023-09-08 12:52:27,016 [88052:__main__:131:run:INFO] Added row 321 records to csv
2023-09-08 12:52:27,016 [88052:__main__:131:run:INFO] Added row 322 records to csv
2023-09-08 12:52:27,016 [88052:__main__:131:run:INFO] Added row 323 records to csv
2023-09-08 12:52:27,016 [88052:__main__:131:run:INFO] Added row 324 records to csv
2023-09-08 12:52:27,016 [88052:__main__:131:run:INFO] Added row 325 records to csv
2023-09-08 12:52:27,016 [88052:__main__:131:run:INFO] Added row 326 records to csv
2023-09-08 12:52:27,016 [88052:__main__:131:run:INFO] Added row 327 records to csv
2023-09-08 12:52:27,016 [88052:__main__:131:run:INFO] Added row 328 records to csv
2023-09-08 12:52:27,017 [88052:__main__:131:run:INFO] Added row 329 records to csv
2023-09-08 12:52:27,017 [88052:__main__:131:run:INFO] Added row 330 records to csv
2023-09-08 12:52:27,017 [88052:__main__:131:run:INFO] Added row 331 records to csv
2023-09-08 12:52:27,017 [88052:__main__:131:run:INFO] Added row 332 records to csv
2023-09-08 12:52:27,017 [88052:__main__:131:run:INFO] Added row 333 records to csv
2023-09-08 12:52:27,017 [88052:__main__:131:run:INFO] Added row 334 records to csv
2023-09-08 12:52:27,017 [88052:__main__:131:run:INFO] Added row 335 records to csv
2023-09-08 12:52:27,017 [88052:__main__:131:run:INFO] Added row 336 records to csv
2023-09-08 12:52:27,017 [88052:__main__:131:run:INFO] Added row 337 records to csv
2023-09-08 12:52:27,017 [88052:__main__:131:run:INFO] Added row 338 records to csv
2023-09-08 12:52:27,017 [88052:__main__:131:run:INFO] Added row 339 records to csv
2023-09-08 12:52:27,018 [88052:__main__:131:run:INFO] Added row 340 records to csv
2023-09-08 12:52:27,018 [88052:__main__:131:run:INFO] Added row 341 records to csv
2023-09-08 12:52:27,018 [88052:__main__:131:run:INFO] Added row 342 records to csv
2023-09-08 12:52:27,018 [88052:__main__:131:run:INFO] Added row 343 records to csv
2023-09-08 12:52:27,018 [88052:__main__:131:run:INFO] Added row 344 records to csv
2023-09-08 12:52:27,018 [88052:__main__:131:run:INFO] Added row 345 records to csv
2023-09-08 12:52:27,018 [88052:__main__:131:run:INFO] Added row 346 records to csv
2023-09-08 12:52:27,018 [88052:__main__:131:run:INFO] Added row 347 records to csv
2023-09-08 12:52:27,018 [88052:__main__:131:run:INFO] Added row 348 records to csv
2023-09-08 12:52:27,018 [88052:__main__:131:run:INFO] Added row 349 records to csv
2023-09-08 12:52:27,018 [88052:__main__:131:run:INFO] Added row 350 records to csv
2023-09-08 12:52:27,019 [88052:__main__:131:run:INFO] Added row 351 records to csv
2023-09-08 12:52:27,019 [88052:__main__:131:run:INFO] Added row 352 records to csv
2023-09-08 12:52:27,019 [88052:__main__:131:run:INFO] Added row 353 records to csv
2023-09-08 12:52:27,019 [88052:__main__:131:run:INFO] Added row 354 records to csv
2023-09-08 12:52:27,019 [88052:__main__:131:run:INFO] Added row 355 records to csv
2023-09-08 12:52:27,019 [88052:__main__:131:run:INFO] Added row 356 records to csv
2023-09-08 12:52:27,019 [88052:__main__:131:run:INFO] Added row 357 records to csv
2023-09-08 12:52:27,019 [88052:__main__:131:run:INFO] Added row 358 records to csv
2023-09-08 12:52:27,019 [88052:__main__:131:run:INFO] Added row 359 records to csv
2023-09-08 12:52:27,019 [88052:__main__:131:run:INFO] Added row 360 records to csv
2023-09-08 12:52:27,020 [88052:__main__:131:run:INFO] Added row 361 records to csv
2023-09-08 12:52:27,020 [88052:__main__:131:run:INFO] Added row 362 records to csv
2023-09-08 12:52:27,020 [88052:__main__:131:run:INFO] Added row 363 records to csv
2023-09-08 12:52:27,020 [88052:__main__:131:run:INFO] Added row 364 records to csv
2023-09-08 12:52:27,020 [88052:__main__:131:run:INFO] Added row 365 records to csv
2023-09-08 12:52:27,020 [88052:__main__:131:run:INFO] Added row 366 records to csv
2023-09-08 12:52:27,020 [88052:__main__:131:run:INFO] Added row 367 records to csv
2023-09-08 12:52:27,020 [88052:__main__:131:run:INFO] Added row 368 records to csv
2023-09-08 12:52:27,020 [88052:__main__:131:run:INFO] Added row 369 records to csv
2023-09-08 12:52:27,020 [88052:__main__:131:run:INFO] Added row 370 records to csv
2023-09-08 12:52:27,020 [88052:__main__:131:run:INFO] Added row 371 records to csv
2023-09-08 18:10:04,933 [210682:__main__:74:read_xml:INFO] Working on /home/uventus/PycharmProjects/Parser/Nokia/pm/etlexpmx_MRBTS_20230621004724_1140113.xml...
2023-09-08 18:10:04,950 [210682:__main__:78:read_xml:INFO] start context
2023-09-08 18:10:04,957 [210682:__main__:131:run:INFO] Added row 1 records to csv
2023-09-08 18:10:04,958 [210682:__main__:131:run:INFO] Added row 2 records to csv
2023-09-08 18:10:04,958 [210682:__main__:131:run:INFO] Added row 3 records to csv
2023-09-08 18:10:04,958 [210682:__main__:131:run:INFO] Added row 4 records to csv
2023-09-08 18:10:04,958 [210682:__main__:131:run:INFO] Added row 5 records to csv
2023-09-08 18:10:04,958 [210682:__main__:131:run:INFO] Added row 6 records to csv
2023-09-08 18:10:04,958 [210682:__main__:131:run:INFO] Added row 7 records to csv
2023-09-08 18:10:04,958 [210682:__main__:131:run:INFO] Added row 8 records to csv
2023-09-08 18:10:04,959 [210682:__main__:131:run:INFO] Added row 9 records to csv
2023-09-08 18:10:04,959 [210682:__main__:131:run:INFO] Added row 10 records to csv
2023-09-08 18:10:04,959 [210682:__main__:131:run:INFO] Added row 11 records to csv
2023-09-08 18:10:04,959 [210682:__main__:131:run:INFO] Added row 12 records to csv
2023-09-08 18:10:04,959 [210682:__main__:131:run:INFO] Added row 13 records to csv
2023-09-08 18:10:04,959 [210682:__main__:131:run:INFO] Added row 14 records to csv
2023-09-08 18:10:04,959 [210682:__main__:131:run:INFO] Added row 15 records to csv
2023-09-08 18:10:04,959 [210682:__main__:131:run:INFO] Added row 16 records to csv
2023-09-08 18:10:04,959 [210682:__main__:131:run:INFO] Added row 17 records to csv
2023-09-08 18:10:04,959 [210682:__main__:131:run:INFO] Added row 18 records to csv
2023-09-08 18:10:04,959 [210682:__main__:131:run:INFO] Added row 19 records to csv
2023-09-08 18:10:04,959 [210682:__main__:131:run:INFO] Added row 20 records to csv
2023-09-08 18:10:04,960 [210682:__main__:131:run:INFO] Added row 21 records to csv
2023-09-08 18:10:04,960 [210682:__main__:131:run:INFO] Added row 22 records to csv
2023-09-08 18:10:04,960 [210682:__main__:131:run:INFO] Added row 23 records to csv
2023-09-08 18:10:04,960 [210682:__main__:131:run:INFO] Added row 24 records to csv
2023-09-08 18:10:04,960 [210682:__main__:131:run:INFO] Added row 25 records to csv
2023-09-08 18:10:04,960 [210682:__main__:131:run:INFO] Added row 26 records to csv
2023-09-08 18:10:04,960 [210682:__main__:131:run:INFO] Added row 27 records to csv
2023-09-08 18:10:04,960 [210682:__main__:131:run:INFO] Added row 28 records to csv
2023-09-08 18:10:04,960 [210682:__main__:131:run:INFO] Added row 29 records to csv
2023-09-08 18:10:04,961 [210682:__main__:131:run:INFO] Added row 30 records to csv
2023-09-08 18:10:04,961 [210682:__main__:131:run:INFO] Added row 31 records to csv
2023-09-08 18:10:04,961 [210682:__main__:131:run:INFO] Added row 32 records to csv
2023-09-08 18:10:04,961 [210682:__main__:131:run:INFO] Added row 33 records to csv
2023-09-08 18:10:04,961 [210682:__main__:131:run:INFO] Added row 34 records to csv
2023-09-08 18:10:04,961 [210682:__main__:131:run:INFO] Added row 35 records to csv
2023-09-08 18:10:04,961 [210682:__main__:131:run:INFO] Added row 36 records to csv
2023-09-08 18:10:04,961 [210682:__main__:131:run:INFO] Added row 37 records to csv
2023-09-08 18:10:04,962 [210682:__main__:131:run:INFO] Added row 38 records to csv
2023-09-08 18:10:04,962 [210682:__main__:131:run:INFO] Added row 39 records to csv
2023-09-08 18:10:04,962 [210682:__main__:131:run:INFO] Added row 40 records to csv
2023-09-08 18:10:04,962 [210682:__main__:131:run:INFO] Added row 41 records to csv
2023-09-08 18:10:04,962 [210682:__main__:131:run:INFO] Added row 42 records to csv
2023-09-08 18:10:04,962 [210682:__main__:131:run:INFO] Added row 43 records to csv
2023-09-08 18:10:04,962 [210682:__main__:131:run:INFO] Added row 44 records to csv
2023-09-08 18:10:04,962 [210682:__main__:131:run:INFO] Added row 45 records to csv
2023-09-08 18:10:04,963 [210682:__main__:131:run:INFO] Added row 46 records to csv
2023-09-08 18:10:04,963 [210682:__main__:131:run:INFO] Added row 47 records to csv
2023-09-08 18:10:04,963 [210682:__main__:131:run:INFO] Added row 48 records to csv
2023-09-08 18:10:04,963 [210682:__main__:131:run:INFO] Added row 49 records to csv
2023-09-08 18:10:04,963 [210682:__main__:131:run:INFO] Added row 50 records to csv
2023-09-08 18:10:04,963 [210682:__main__:131:run:INFO] Added row 51 records to csv
2023-09-08 18:10:04,963 [210682:__main__:131:run:INFO] Added row 52 records to csv
2023-09-08 18:10:04,963 [210682:__main__:131:run:INFO] Added row 53 records to csv
2023-09-08 18:10:04,963 [210682:__main__:131:run:INFO] Added row 54 records to csv
2023-09-08 18:10:04,963 [210682:__main__:131:run:INFO] Added row 55 records to csv
2023-09-08 18:10:04,964 [210682:__main__:131:run:INFO] Added row 56 records to csv
2023-09-08 18:10:04,964 [210682:__main__:131:run:INFO] Added row 57 records to csv
2023-09-08 18:10:04,964 [210682:__main__:131:run:INFO] Added row 58 records to csv
2023-09-08 18:10:04,964 [210682:__main__:131:run:INFO] Added row 59 records to csv
2023-09-08 18:10:04,964 [210682:__main__:131:run:INFO] Added row 60 records to csv
2023-09-08 18:10:04,964 [210682:__main__:131:run:INFO] Added row 61 records to csv
2023-09-08 18:10:04,965 [210682:__main__:131:run:INFO] Added row 62 records to csv
2023-09-08 18:10:04,965 [210682:__main__:131:run:INFO] Added row 63 records to csv
2023-09-08 18:10:04,965 [210682:__main__:131:run:INFO] Added row 64 records to csv
2023-09-08 18:10:04,965 [210682:__main__:131:run:INFO] Added row 65 records to csv
2023-09-08 18:10:04,965 [210682:__main__:131:run:INFO] Added row 66 records to csv
2023-09-08 18:10:04,965 [210682:__main__:131:run:INFO] Added row 67 records to csv
2023-09-08 18:10:04,965 [210682:__main__:131:run:INFO] Added row 68 records to csv
2023-09-08 18:10:04,965 [210682:__main__:131:run:INFO] Added row 69 records to csv
2023-09-08 18:10:04,965 [210682:__main__:131:run:INFO] Added row 70 records to csv
2023-09-08 18:10:04,966 [210682:__main__:131:run:INFO] Added row 71 records to csv
2023-09-08 18:10:04,966 [210682:__main__:131:run:INFO] Added row 72 records to csv
2023-09-08 18:10:04,966 [210682:__main__:131:run:INFO] Added row 73 records to csv
2023-09-08 18:10:04,966 [210682:__main__:131:run:INFO] Added row 74 records to csv
2023-09-08 18:10:04,967 [210682:__main__:131:run:INFO] Added row 75 records to csv
2023-09-08 18:10:04,967 [210682:__main__:131:run:INFO] Added row 76 records to csv
2023-09-08 18:10:04,967 [210682:__main__:131:run:INFO] Added row 77 records to csv
2023-09-08 18:10:04,967 [210682:__main__:131:run:INFO] Added row 78 records to csv
2023-09-08 18:10:04,967 [210682:__main__:131:run:INFO] Added row 79 records to csv
2023-09-08 18:10:04,968 [210682:__main__:131:run:INFO] Added row 80 records to csv
2023-09-08 18:10:04,968 [210682:__main__:131:run:INFO] Added row 81 records to csv
2023-09-08 18:10:04,968 [210682:__main__:131:run:INFO] Added row 82 records to csv
2023-09-08 18:10:04,968 [210682:__main__:131:run:INFO] Added row 83 records to csv
2023-09-08 18:10:04,968 [210682:__main__:131:run:INFO] Added row 84 records to csv
2023-09-08 18:10:04,968 [210682:__main__:131:run:INFO] Added row 85 records to csv
2023-09-08 18:10:04,969 [210682:__main__:131:run:INFO] Added row 86 records to csv
2023-09-08 18:10:04,969 [210682:__main__:131:run:INFO] Added row 87 records to csv
2023-09-08 18:10:04,969 [210682:__main__:131:run:INFO] Added row 88 records to csv
2023-09-08 18:10:04,969 [210682:__main__:131:run:INFO] Added row 89 records to csv
2023-09-08 18:10:04,969 [210682:__main__:131:run:INFO] Added row 90 records to csv
2023-09-08 18:10:04,969 [210682:__main__:131:run:INFO] Added row 91 records to csv
2023-09-08 18:10:04,969 [210682:__main__:131:run:INFO] Added row 92 records to csv
2023-09-08 18:10:04,970 [210682:__main__:131:run:INFO] Added row 93 records to csv
2023-09-08 18:10:04,970 [210682:__main__:131:run:INFO] Added row 94 records to csv
2023-09-08 18:10:04,970 [210682:__main__:131:run:INFO] Added row 95 records to csv
2023-09-08 18:10:04,970 [210682:__main__:131:run:INFO] Added row 96 records to csv
2023-09-08 18:10:04,970 [210682:__main__:131:run:INFO] Added row 97 records to csv
2023-09-08 18:10:04,971 [210682:__main__:131:run:INFO] Added row 98 records to csv
2023-09-08 18:10:04,971 [210682:__main__:131:run:INFO] Added row 99 records to csv
2023-09-08 18:10:04,971 [210682:__main__:131:run:INFO] Added row 100 records to csv
2023-09-08 18:10:04,971 [210682:__main__:131:run:INFO] Added row 101 records to csv
2023-09-08 18:10:04,971 [210682:__main__:131:run:INFO] Added row 102 records to csv
2023-09-08 18:10:04,971 [210682:__main__:131:run:INFO] Added row 103 records to csv
2023-09-08 18:10:04,971 [210682:__main__:131:run:INFO] Added row 104 records to csv
2023-09-08 18:10:04,971 [210682:__main__:131:run:INFO] Added row 105 records to csv
2023-09-08 18:10:04,971 [210682:__main__:131:run:INFO] Added row 106 records to csv
2023-09-08 18:10:04,972 [210682:__main__:131:run:INFO] Added row 107 records to csv
2023-09-08 18:10:04,972 [210682:__main__:131:run:INFO] Added row 108 records to csv
2023-09-08 18:10:04,972 [210682:__main__:131:run:INFO] Added row 109 records to csv
2023-09-08 18:10:04,972 [210682:__main__:131:run:INFO] Added row 110 records to csv
2023-09-08 18:10:04,972 [210682:__main__:131:run:INFO] Added row 111 records to csv
2023-09-08 18:10:04,972 [210682:__main__:131:run:INFO] Added row 112 records to csv
2023-09-08 18:10:04,972 [210682:__main__:131:run:INFO] Added row 113 records to csv
2023-09-08 18:10:04,972 [210682:__main__:131:run:INFO] Added row 114 records to csv
2023-09-08 18:10:04,972 [210682:__main__:131:run:INFO] Added row 115 records to csv
2023-09-08 18:10:04,972 [210682:__main__:131:run:INFO] Added row 116 records to csv
2023-09-08 18:10:04,972 [210682:__main__:131:run:INFO] Added row 117 records to csv
2023-09-08 18:10:04,973 [210682:__main__:131:run:INFO] Added row 118 records to csv
2023-09-08 18:10:04,973 [210682:__main__:131:run:INFO] Added row 119 records to csv
2023-09-08 18:10:04,973 [210682:__main__:131:run:INFO] Added row 120 records to csv
2023-09-08 18:10:04,973 [210682:__main__:131:run:INFO] Added row 121 records to csv
2023-09-08 18:10:04,973 [210682:__main__:131:run:INFO] Added row 122 records to csv
2023-09-08 18:10:04,973 [210682:__main__:131:run:INFO] Added row 123 records to csv
2023-09-08 18:10:04,973 [210682:__main__:131:run:INFO] Added row 124 records to csv
2023-09-08 18:10:04,973 [210682:__main__:131:run:INFO] Added row 125 records to csv
2023-09-08 18:10:04,973 [210682:__main__:131:run:INFO] Added row 126 records to csv
2023-09-08 18:10:04,973 [210682:__main__:131:run:INFO] Added row 127 records to csv
2023-09-08 18:10:04,973 [210682:__main__:131:run:INFO] Added row 128 records to csv
2023-09-08 18:10:04,973 [210682:__main__:131:run:INFO] Added row 129 records to csv
2023-09-08 18:10:04,973 [210682:__main__:131:run:INFO] Added row 130 records to csv
2023-09-08 18:10:04,974 [210682:__main__:131:run:INFO] Added row 131 records to csv
2023-09-08 18:10:04,974 [210682:__main__:131:run:INFO] Added row 132 records to csv
2023-09-08 18:10:04,974 [210682:__main__:131:run:INFO] Added row 133 records to csv
2023-09-08 18:10:04,974 [210682:__main__:131:run:INFO] Added row 134 records to csv
2023-09-08 18:10:04,974 [210682:__main__:131:run:INFO] Added row 135 records to csv
2023-09-08 18:10:04,974 [210682:__main__:131:run:INFO] Added row 136 records to csv
2023-09-08 18:10:04,974 [210682:__main__:131:run:INFO] Added row 137 records to csv
2023-09-08 18:10:04,974 [210682:__main__:131:run:INFO] Added row 138 records to csv
2023-09-08 18:10:04,974 [210682:__main__:131:run:INFO] Added row 139 records to csv
2023-09-08 18:10:04,974 [210682:__main__:131:run:INFO] Added row 140 records to csv
2023-09-08 18:10:04,974 [210682:__main__:131:run:INFO] Added row 141 records to csv
2023-09-08 18:10:04,975 [210682:__main__:131:run:INFO] Added row 142 records to csv
2023-09-08 18:10:04,975 [210682:__main__:131:run:INFO] Added row 143 records to csv
2023-09-08 18:10:04,975 [210682:__main__:131:run:INFO] Added row 144 records to csv
2023-09-08 18:10:04,975 [210682:__main__:131:run:INFO] Added row 145 records to csv
2023-09-08 18:10:04,975 [210682:__main__:131:run:INFO] Added row 146 records to csv
2023-09-08 18:10:04,975 [210682:__main__:131:run:INFO] Added row 147 records to csv
2023-09-08 18:10:04,975 [210682:__main__:131:run:INFO] Added row 148 records to csv
2023-09-08 18:10:04,975 [210682:__main__:131:run:INFO] Added row 149 records to csv
2023-09-08 18:10:04,975 [210682:__main__:131:run:INFO] Added row 150 records to csv
2023-09-08 18:10:04,975 [210682:__main__:131:run:INFO] Added row 151 records to csv
2023-09-08 18:10:04,975 [210682:__main__:131:run:INFO] Added row 152 records to csv
2023-09-08 18:10:04,976 [210682:__main__:131:run:INFO] Added row 153 records to csv
2023-09-08 18:10:04,976 [210682:__main__:131:run:INFO] Added row 154 records to csv
2023-09-08 18:10:04,976 [210682:__main__:131:run:INFO] Added row 155 records to csv
2023-09-08 18:10:04,976 [210682:__main__:131:run:INFO] Added row 156 records to csv
2023-09-08 18:10:04,976 [210682:__main__:131:run:INFO] Added row 157 records to csv
2023-09-08 18:10:04,976 [210682:__main__:131:run:INFO] Added row 158 records to csv
2023-09-08 18:10:04,976 [210682:__main__:131:run:INFO] Added row 159 records to csv
2023-09-08 18:10:04,976 [210682:__main__:131:run:INFO] Added row 160 records to csv
2023-09-08 18:10:04,977 [210682:__main__:131:run:INFO] Added row 161 records to csv
2023-09-08 18:10:04,977 [210682:__main__:131:run:INFO] Added row 162 records to csv
2023-09-08 18:10:04,977 [210682:__main__:131:run:INFO] Added row 163 records to csv
2023-09-08 18:10:04,977 [210682:__main__:131:run:INFO] Added row 164 records to csv
2023-09-08 18:10:04,977 [210682:__main__:131:run:INFO] Added row 165 records to csv
2023-09-08 18:10:04,977 [210682:__main__:131:run:INFO] Added row 166 records to csv
2023-09-08 18:10:04,977 [210682:__main__:131:run:INFO] Added row 167 records to csv
2023-09-08 18:10:04,977 [210682:__main__:131:run:INFO] Added row 168 records to csv
2023-09-08 18:10:04,978 [210682:__main__:131:run:INFO] Added row 169 records to csv
2023-09-08 18:10:04,978 [210682:__main__:131:run:INFO] Added row 170 records to csv
2023-09-08 18:10:04,978 [210682:__main__:131:run:INFO] Added row 171 records to csv
2023-09-08 18:10:04,978 [210682:__main__:131:run:INFO] Added row 172 records to csv
2023-09-08 18:10:04,978 [210682:__main__:131:run:INFO] Added row 173 records to csv
2023-09-08 18:10:04,978 [210682:__main__:131:run:INFO] Added row 174 records to csv
2023-09-08 18:10:04,978 [210682:__main__:131:run:INFO] Added row 175 records to csv
2023-09-08 18:10:04,978 [210682:__main__:131:run:INFO] Added row 176 records to csv
2023-09-08 18:10:04,978 [210682:__main__:131:run:INFO] Added row 177 records to csv
2023-09-08 18:10:04,978 [210682:__main__:131:run:INFO] Added row 178 records to csv
2023-09-08 18:10:04,979 [210682:__main__:131:run:INFO] Added row 179 records to csv
2023-09-08 18:10:04,979 [210682:__main__:131:run:INFO] Added row 180 records to csv
2023-09-08 18:10:04,979 [210682:__main__:131:run:INFO] Added row 181 records to csv
2023-09-08 18:10:04,979 [210682:__main__:131:run:INFO] Added row 182 records to csv
2023-09-08 18:10:04,979 [210682:__main__:131:run:INFO] Added row 183 records to csv
2023-09-08 18:10:04,979 [210682:__main__:131:run:INFO] Added row 184 records to csv
2023-09-08 18:10:04,979 [210682:__main__:131:run:INFO] Added row 185 records to csv
2023-09-08 18:10:04,979 [210682:__main__:131:run:INFO] Added row 186 records to csv
2023-09-08 18:10:04,979 [210682:__main__:131:run:INFO] Added row 187 records to csv
2023-09-08 18:10:04,980 [210682:__main__:131:run:INFO] Added row 188 records to csv
2023-09-08 18:10:04,980 [210682:__main__:131:run:INFO] Added row 189 records to csv
2023-09-08 18:10:04,980 [210682:__main__:131:run:INFO] Added row 190 records to csv
2023-09-08 18:10:04,980 [210682:__main__:131:run:INFO] Added row 191 records to csv
2023-09-08 18:10:04,980 [210682:__main__:131:run:INFO] Added row 192 records to csv
2023-09-08 18:10:04,980 [210682:__main__:131:run:INFO] Added row 193 records to csv
2023-09-08 18:10:04,980 [210682:__main__:131:run:INFO] Added row 194 records to csv
2023-09-08 18:10:04,980 [210682:__main__:131:run:INFO] Added row 195 records to csv
2023-09-08 18:10:04,980 [210682:__main__:131:run:INFO] Added row 196 records to csv
2023-09-08 18:10:04,980 [210682:__main__:131:run:INFO] Added row 197 records to csv
2023-09-08 18:10:04,980 [210682:__main__:131:run:INFO] Added row 198 records to csv
2023-09-08 18:10:04,980 [210682:__main__:131:run:INFO] Added row 199 records to csv
2023-09-08 18:10:04,981 [210682:__main__:131:run:INFO] Added row 200 records to csv
2023-09-08 18:10:04,981 [210682:__main__:131:run:INFO] Added row 201 records to csv
2023-09-08 18:10:04,981 [210682:__main__:131:run:INFO] Added row 202 records to csv
2023-09-08 18:10:04,981 [210682:__main__:131:run:INFO] Added row 203 records to csv
2023-09-08 18:10:04,981 [210682:__main__:131:run:INFO] Added row 204 records to csv
2023-09-08 18:10:04,981 [210682:__main__:131:run:INFO] Added row 205 records to csv
2023-09-08 18:10:04,981 [210682:__main__:131:run:INFO] Added row 206 records to csv
2023-09-08 18:10:04,981 [210682:__main__:131:run:INFO] Added row 207 records to csv
2023-09-08 18:10:04,981 [210682:__main__:131:run:INFO] Added row 208 records to csv
2023-09-08 18:10:04,981 [210682:__main__:131:run:INFO] Added row 209 records to csv
2023-09-08 18:10:04,981 [210682:__main__:131:run:INFO] Added row 210 records to csv
2023-09-08 18:10:04,981 [210682:__main__:131:run:INFO] Added row 211 records to csv
2023-09-08 18:10:04,982 [210682:__main__:131:run:INFO] Added row 212 records to csv
2023-09-08 18:10:04,982 [210682:__main__:131:run:INFO] Added row 213 records to csv
2023-09-08 18:10:04,982 [210682:__main__:131:run:INFO] Added row 214 records to csv
2023-09-08 18:10:04,982 [210682:__main__:131:run:INFO] Added row 215 records to csv
2023-09-08 18:10:04,982 [210682:__main__:131:run:INFO] Added row 216 records to csv
2023-09-08 18:10:04,982 [210682:__main__:131:run:INFO] Added row 217 records to csv
2023-09-08 18:10:04,982 [210682:__main__:131:run:INFO] Added row 218 records to csv
2023-09-08 18:10:04,982 [210682:__main__:131:run:INFO] Added row 219 records to csv
2023-09-08 18:10:04,982 [210682:__main__:131:run:INFO] Added row 220 records to csv
2023-09-08 18:10:04,982 [210682:__main__:131:run:INFO] Added row 221 records to csv
2023-09-08 18:10:04,982 [210682:__main__:131:run:INFO] Added row 222 records to csv
2023-09-08 18:10:04,982 [210682:__main__:131:run:INFO] Added row 223 records to csv
2023-09-08 18:10:04,983 [210682:__main__:131:run:INFO] Added row 224 records to csv
2023-09-08 18:10:04,983 [210682:__main__:131:run:INFO] Added row 225 records to csv
2023-09-08 18:10:04,983 [210682:__main__:131:run:INFO] Added row 226 records to csv
2023-09-08 18:10:04,983 [210682:__main__:131:run:INFO] Added row 227 records to csv
2023-09-08 18:10:04,983 [210682:__main__:131:run:INFO] Added row 228 records to csv
2023-09-08 18:10:04,983 [210682:__main__:131:run:INFO] Added row 229 records to csv
2023-09-08 18:10:04,983 [210682:__main__:131:run:INFO] Added row 230 records to csv
2023-09-08 18:10:04,983 [210682:__main__:131:run:INFO] Added row 231 records to csv
2023-09-08 18:10:04,983 [210682:__main__:131:run:INFO] Added row 232 records to csv
2023-09-08 18:10:04,983 [210682:__main__:131:run:INFO] Added row 233 records to csv
2023-09-08 18:10:04,983 [210682:__main__:131:run:INFO] Added row 234 records to csv
2023-09-08 18:10:04,983 [210682:__main__:131:run:INFO] Added row 235 records to csv
2023-09-08 18:10:04,983 [210682:__main__:131:run:INFO] Added row 236 records to csv
2023-09-08 18:10:04,984 [210682:__main__:131:run:INFO] Added row 237 records to csv
2023-09-08 18:10:04,984 [210682:__main__:131:run:INFO] Added row 238 records to csv
2023-09-08 18:10:04,984 [210682:__main__:131:run:INFO] Added row 239 records to csv
2023-09-08 18:10:04,984 [210682:__main__:131:run:INFO] Added row 240 records to csv
2023-09-08 18:10:04,984 [210682:__main__:131:run:INFO] Added row 241 records to csv
2023-09-08 18:10:04,984 [210682:__main__:131:run:INFO] Added row 242 records to csv
2023-09-08 18:10:04,984 [210682:__main__:131:run:INFO] Added row 243 records to csv
2023-09-08 18:10:04,984 [210682:__main__:131:run:INFO] Added row 244 records to csv
2023-09-08 18:10:04,984 [210682:__main__:131:run:INFO] Added row 245 records to csv
2023-09-08 18:10:04,984 [210682:__main__:131:run:INFO] Added row 246 records to csv
2023-09-08 18:10:04,984 [210682:__main__:131:run:INFO] Added row 247 records to csv
2023-09-08 18:10:04,985 [210682:__main__:131:run:INFO] Added row 248 records to csv
2023-09-08 18:10:04,985 [210682:__main__:131:run:INFO] Added row 249 records to csv
2023-09-08 18:10:04,985 [210682:__main__:131:run:INFO] Added row 250 records to csv
2023-09-08 18:10:04,985 [210682:__main__:131:run:INFO] Added row 251 records to csv
2023-09-08 18:10:04,985 [210682:__main__:131:run:INFO] Added row 252 records to csv
2023-09-08 18:10:04,985 [210682:__main__:131:run:INFO] Added row 253 records to csv
2023-09-08 18:10:04,985 [210682:__main__:131:run:INFO] Added row 254 records to csv
2023-09-08 18:10:04,985 [210682:__main__:131:run:INFO] Added row 255 records to csv
2023-09-08 18:10:04,985 [210682:__main__:131:run:INFO] Added row 256 records to csv
2023-09-08 18:10:04,985 [210682:__main__:131:run:INFO] Added row 257 records to csv
2023-09-08 18:10:04,985 [210682:__main__:131:run:INFO] Added row 258 records to csv
2023-09-08 18:10:04,985 [210682:__main__:131:run:INFO] Added row 259 records to csv
2023-09-08 18:10:04,985 [210682:__main__:131:run:INFO] Added row 260 records to csv
2023-09-08 18:10:04,986 [210682:__main__:131:run:INFO] Added row 261 records to csv
2023-09-08 18:10:04,986 [210682:__main__:131:run:INFO] Added row 262 records to csv
2023-09-08 18:10:04,986 [210682:__main__:131:run:INFO] Added row 263 records to csv
2023-09-08 18:10:04,986 [210682:__main__:131:run:INFO] Added row 264 records to csv
2023-09-08 18:10:04,986 [210682:__main__:131:run:INFO] Added row 265 records to csv
2023-09-08 18:10:04,986 [210682:__main__:131:run:INFO] Added row 266 records to csv
2023-09-08 18:10:04,986 [210682:__main__:131:run:INFO] Added row 267 records to csv
2023-09-08 18:10:04,986 [210682:__main__:131:run:INFO] Added row 268 records to csv
2023-09-08 18:10:04,987 [210682:__main__:131:run:INFO] Added row 269 records to csv
2023-09-08 18:10:04,987 [210682:__main__:131:run:INFO] Added row 270 records to csv
2023-09-08 18:10:04,987 [210682:__main__:131:run:INFO] Added row 271 records to csv
2023-09-08 18:10:04,987 [210682:__main__:131:run:INFO] Added row 272 records to csv
2023-09-08 18:10:04,987 [210682:__main__:131:run:INFO] Added row 273 records to csv
2023-09-08 18:10:04,987 [210682:__main__:131:run:INFO] Added row 274 records to csv
2023-09-08 18:10:04,987 [210682:__main__:131:run:INFO] Added row 275 records to csv
2023-09-08 18:10:04,987 [210682:__main__:131:run:INFO] Added row 276 records to csv
2023-09-08 18:10:04,988 [210682:__main__:131:run:INFO] Added row 277 records to csv
2023-09-08 18:10:04,988 [210682:__main__:131:run:INFO] Added row 278 records to csv
2023-09-08 18:10:04,988 [210682:__main__:131:run:INFO] Added row 279 records to csv
2023-09-08 18:10:04,988 [210682:__main__:131:run:INFO] Added row 280 records to csv
2023-09-08 18:10:04,988 [210682:__main__:131:run:INFO] Added row 281 records to csv
2023-09-08 18:10:04,988 [210682:__main__:131:run:INFO] Added row 282 records to csv
2023-09-08 18:10:04,988 [210682:__main__:131:run:INFO] Added row 283 records to csv
2023-09-08 18:10:04,988 [210682:__main__:131:run:INFO] Added row 284 records to csv
2023-09-08 18:10:04,988 [210682:__main__:131:run:INFO] Added row 285 records to csv
2023-09-08 18:10:04,988 [210682:__main__:131:run:INFO] Added row 286 records to csv
2023-09-08 18:10:04,989 [210682:__main__:131:run:INFO] Added row 287 records to csv
2023-09-08 18:10:04,989 [210682:__main__:131:run:INFO] Added row 288 records to csv
2023-09-08 18:10:04,989 [210682:__main__:131:run:INFO] Added row 289 records to csv
2023-09-08 18:10:04,989 [210682:__main__:131:run:INFO] Added row 290 records to csv
2023-09-08 18:10:04,989 [210682:__main__:131:run:INFO] Added row 291 records to csv
2023-09-08 18:10:04,989 [210682:__main__:131:run:INFO] Added row 292 records to csv
2023-09-08 18:10:04,989 [210682:__main__:131:run:INFO] Added row 293 records to csv
2023-09-08 18:10:04,989 [210682:__main__:131:run:INFO] Added row 294 records to csv
2023-09-08 18:10:04,989 [210682:__main__:131:run:INFO] Added row 295 records to csv
2023-09-08 18:10:04,989 [210682:__main__:131:run:INFO] Added row 296 records to csv
2023-09-08 18:10:04,990 [210682:__main__:131:run:INFO] Added row 297 records to csv
2023-09-08 18:10:04,990 [210682:__main__:131:run:INFO] Added row 298 records to csv
2023-09-08 18:10:04,990 [210682:__main__:131:run:INFO] Added row 299 records to csv
2023-09-08 18:10:04,990 [210682:__main__:131:run:INFO] Added row 300 records to csv
2023-09-08 18:10:04,990 [210682:__main__:131:run:INFO] Added row 301 records to csv
2023-09-08 18:10:04,990 [210682:__main__:131:run:INFO] Added row 302 records to csv
2023-09-08 18:10:04,990 [210682:__main__:131:run:INFO] Added row 303 records to csv
2023-09-08 18:10:04,990 [210682:__main__:131:run:INFO] Added row 304 records to csv
2023-09-08 18:10:04,990 [210682:__main__:131:run:INFO] Added row 305 records to csv
2023-09-08 18:10:04,990 [210682:__main__:131:run:INFO] Added row 306 records to csv
2023-09-08 18:10:04,990 [210682:__main__:131:run:INFO] Added row 307 records to csv
2023-09-08 18:10:04,990 [210682:__main__:131:run:INFO] Added row 308 records to csv
2023-09-08 18:10:04,991 [210682:__main__:131:run:INFO] Added row 309 records to csv
2023-09-08 18:10:04,991 [210682:__main__:131:run:INFO] Added row 310 records to csv
2023-09-08 18:10:04,991 [210682:__main__:131:run:INFO] Added row 311 records to csv
2023-09-08 18:10:04,991 [210682:__main__:131:run:INFO] Added row 312 records to csv
2023-09-08 18:10:04,991 [210682:__main__:131:run:INFO] Added row 313 records to csv
2023-09-08 18:10:04,991 [210682:__main__:131:run:INFO] Added row 314 records to csv
2023-09-08 18:10:04,991 [210682:__main__:131:run:INFO] Added row 315 records to csv
2023-09-08 18:10:04,991 [210682:__main__:131:run:INFO] Added row 316 records to csv
2023-09-08 18:10:04,991 [210682:__main__:131:run:INFO] Added row 317 records to csv
2023-09-08 18:10:04,991 [210682:__main__:131:run:INFO] Added row 318 records to csv
2023-09-08 18:10:04,991 [210682:__main__:131:run:INFO] Added row 319 records to csv
2023-09-08 18:10:04,991 [210682:__main__:131:run:INFO] Added row 320 records to csv
2023-09-08 18:10:04,992 [210682:__main__:131:run:INFO] Added row 321 records to csv
2023-09-08 18:10:04,992 [210682:__main__:131:run:INFO] Added row 322 records to csv
2023-09-08 18:10:04,992 [210682:__main__:131:run:INFO] Added row 323 records to csv
2023-09-08 18:10:04,992 [210682:__main__:131:run:INFO] Added row 324 records to csv
2023-09-08 18:10:04,992 [210682:__main__:131:run:INFO] Added row 325 records to csv
2023-09-08 18:10:04,992 [210682:__main__:131:run:INFO] Added row 326 records to csv
2023-09-08 18:10:04,992 [210682:__main__:131:run:INFO] Added row 327 records to csv
2023-09-08 18:10:04,992 [210682:__main__:131:run:INFO] Added row 328 records to csv
2023-09-08 18:10:04,992 [210682:__main__:131:run:INFO] Added row 329 records to csv
2023-09-08 18:10:04,992 [210682:__main__:131:run:INFO] Added row 330 records to csv
2023-09-08 18:10:04,992 [210682:__main__:131:run:INFO] Added row 331 records to csv
2023-09-08 18:10:04,992 [210682:__main__:131:run:INFO] Added row 332 records to csv
2023-09-08 18:10:04,992 [210682:__main__:131:run:INFO] Added row 333 records to csv
2023-09-08 18:10:04,993 [210682:__main__:131:run:INFO] Added row 334 records to csv
2023-09-08 18:10:04,993 [210682:__main__:131:run:INFO] Added row 335 records to csv
2023-09-08 18:10:04,993 [210682:__main__:131:run:INFO] Added row 336 records to csv
2023-09-08 18:10:04,993 [210682:__main__:131:run:INFO] Added row 337 records to csv
2023-09-08 18:10:04,993 [210682:__main__:131:run:INFO] Added row 338 records to csv
2023-09-08 18:10:04,993 [210682:__main__:131:run:INFO] Added row 339 records to csv
2023-09-08 18:10:04,993 [210682:__main__:131:run:INFO] Added row 340 records to csv
2023-09-08 18:10:04,993 [210682:__main__:131:run:INFO] Added row 341 records to csv
2023-09-08 18:10:04,993 [210682:__main__:131:run:INFO] Added row 342 records to csv
2023-09-08 18:10:04,993 [210682:__main__:131:run:INFO] Added row 343 records to csv
2023-09-08 18:10:04,993 [210682:__main__:131:run:INFO] Added row 344 records to csv
2023-09-08 18:10:04,993 [210682:__main__:131:run:INFO] Added row 345 records to csv
2023-09-08 18:10:04,993 [210682:__main__:131:run:INFO] Added row 346 records to csv
2023-09-08 18:10:04,994 [210682:__main__:131:run:INFO] Added row 347 records to csv
2023-09-08 18:10:04,994 [210682:__main__:131:run:INFO] Added row 348 records to csv
2023-09-08 18:10:04,994 [210682:__main__:131:run:INFO] Added row 349 records to csv
2023-09-08 18:10:04,994 [210682:__main__:131:run:INFO] Added row 350 records to csv
2023-09-08 18:10:04,994 [210682:__main__:131:run:INFO] Added row 351 records to csv
2023-09-08 18:10:04,994 [210682:__main__:131:run:INFO] Added row 352 records to csv
2023-09-08 18:10:04,994 [210682:__main__:131:run:INFO] Added row 353 records to csv
2023-09-08 18:10:04,994 [210682:__main__:131:run:INFO] Added row 354 records to csv
2023-09-08 18:10:04,994 [210682:__main__:131:run:INFO] Added row 355 records to csv
2023-09-08 18:10:04,994 [210682:__main__:131:run:INFO] Added row 356 records to csv
2023-09-08 18:10:04,994 [210682:__main__:131:run:INFO] Added row 357 records to csv
2023-09-08 18:10:04,994 [210682:__main__:131:run:INFO] Added row 358 records to csv
2023-09-08 18:10:04,995 [210682:__main__:131:run:INFO] Added row 359 records to csv
2023-09-08 18:10:04,995 [210682:__main__:131:run:INFO] Added row 360 records to csv
2023-09-08 18:10:04,995 [210682:__main__:131:run:INFO] Added row 361 records to csv
2023-09-08 18:10:04,995 [210682:__main__:131:run:INFO] Added row 362 records to csv
2023-09-08 18:10:04,995 [210682:__main__:131:run:INFO] Added row 363 records to csv
2023-09-08 18:10:04,995 [210682:__main__:131:run:INFO] Added row 364 records to csv
2023-09-08 18:10:04,995 [210682:__main__:131:run:INFO] Added row 365 records to csv
2023-09-08 18:10:04,995 [210682:__main__:131:run:INFO] Added row 366 records to csv
2023-09-08 18:10:04,995 [210682:__main__:131:run:INFO] Added row 367 records to csv
2023-09-08 18:10:04,995 [210682:__main__:131:run:INFO] Added row 368 records to csv
2023-09-08 18:10:04,995 [210682:__main__:131:run:INFO] Added row 369 records to csv
2023-09-08 18:10:04,995 [210682:__main__:131:run:INFO] Added row 370 records to csv
2023-09-08 18:10:04,995 [210682:__main__:131:run:INFO] Added row 371 records to csv
